#
# There is insufficient memory for the Java Runtime Environment to continue.
# Native memory allocation (malloc) failed to allocate 1048576 bytes. Error detail: AllocateHeap
# Possible reasons:
#   The system is out of physical RAM or swap space
#   This process is running with CompressedOops enabled, and the Java Heap may be blocking the growth of the native heap
# Possible solutions:
#   Reduce memory load on the system
#   Increase physical memory or swap space
#   Check if swap backing store is full
#   Decrease Java heap size (-Xmx/-Xms)
#   Decrease number of Java threads
#   Decrease Java thread stack sizes (-Xss)
#   Set larger code cache with -XX:ReservedCodeCacheSize=
#   JVM is running with Unscaled Compressed Oops mode in which the Java heap is
#     placed in the first 4GB address space. The Java Heap base address is the
#     maximum limit for the native heap growth. Please use -XX:HeapBaseMinAddress
#     to set the Java Heap base and to place the Java Heap above 4GB virtual address.
# This output file may be truncated or incomplete.
#
#  Out of Memory Error (allocation.cpp:44), pid=25000, tid=25316
#
# JRE version: OpenJDK Runtime Environment Temurin-21.0.10+7 (21.0.10+7) (build 21.0.10+7-LTS)
# Java VM: OpenJDK 64-Bit Server VM Temurin-21.0.10+7 (21.0.10+7-LTS, mixed mode, sharing, tiered, compressed oops, compressed class ptrs, parallel gc, windows-amd64)
# No core dump will be written. Minidumps are not enabled by default on client versions of Windows
#

---------------  S U M M A R Y ------------

Command Line: --add-modules=ALL-SYSTEM --add-opens=java.base/java.util=ALL-UNNAMED --add-opens=java.base/java.lang=ALL-UNNAMED --add-opens=java.base/sun.nio.fs=ALL-UNNAMED -Declipse.application=org.eclipse.jdt.ls.core.id1 -Dosgi.bundles.defaultStartLevel=4 -Declipse.product=org.eclipse.jdt.ls.core.product -Djava.import.generatesMetadataFilesAtProjectRoot=false -DDetectVMInstallationsJob.disabled=true -Dfile.encoding=utf8 -XX:+UseParallelGC -XX:GCTimeRatio=4 -XX:AdaptiveSizePolicyWeight=90 -Dsun.zip.disableMemoryMapping=true -Xmx2G -Xms100m -Xlog:disable -javaagent:c:\Users\User\.vscode\extensions\redhat.java-1.54.0-win32-x64\lombok\lombok-1.18.39-4050.jar -XX:+HeapDumpOnOutOfMemoryError -XX:HeapDumpPath=c:\Users\User\AppData\Roaming\Code\User\workspaceStorage\8439e0263cc7519ca35418cef012e812\redhat.java -Daether.dependencyCollector.impl=bf c:\Users\User\.vscode\extensions\redhat.java-1.54.0-win32-x64\server\plugins\org.eclipse.equinox.launcher_1.7.100.v20251111-0406.jar -configuration c:\Users\User\AppData\Roaming\Code\User\globalStorage\redhat.java\1.54.0\config_win -data c:\Users\User\AppData\Roaming\Code\User\workspaceStorage\8439e0263cc7519ca35418cef012e812\redhat.java\jdt_ws --pipe=\\.\pipe\lsp-3f284067006c31ae678b2244348da04a-sock

Host: 13th Gen Intel(R) Core(TM) i5-13450HX, 16 cores, 7G,  Windows 11 , 64 bit Build 26100 (10.0.26100.8246)
Time: Thu Apr 30 07:52:35 2026 Hora oficial do Brasil elapsed time: 5903.788374 seconds (0d 1h 38m 23s)

---------------  T H R E A D  ---------------

Current thread (0x000001b8ec9f7e60):  JavaThread "Attach Listener" daemon [_thread_in_vm, id=25316, stack(0x0000005c82e00000,0x0000005c82f00000) (1024K)]

Stack: [0x0000005c82e00000,0x0000005c82f00000]
Native frames: (J=compiled Java code, j=interpreted, Vv=VM code, C=native code)
V  [jvm.dll+0x6d7a39]
V  [jvm.dll+0x8b4b26]
V  [jvm.dll+0x8b70de]
V  [jvm.dll+0x8b77c3]
V  [jvm.dll+0x284346]
V  [jvm.dll+0xc1277]
V  [jvm.dll+0x6d82e9]
V  [jvm.dll+0x1334a6]
V  [jvm.dll+0x3f857e]
V  [jvm.dll+0x85f59d]
V  [jvm.dll+0x6d626d]
C  [ucrtbase.dll+0x37b0]
C  [KERNEL32.DLL+0x2e8d7]
C  [ntdll.dll+0x8c3fc]


---------------  P R O C E S S  ---------------

Threads class SMR info:
_java_thread_list=0x000001b8f49b0770, length=43, elements={
0x000001b8d4a7f010, 0x000001b8d4a2b050, 0x000001b8d4a2e640, 0x000001b8ec9f6f80,
0x000001b8ec9f7e60, 0x000001b8ec9fa8d0, 0x000001b8ec9fb330, 0x000001b8ec9fc170,
0x000001b8eca35520, 0x000001b8ecc0e4c0, 0x000001b8ee120c70, 0x000001b8f300ac00,
0x000001b8ee747df0, 0x000001b8ee702ac0, 0x000001b8ee703130, 0x000001b8ecce1da0,
0x000001b8f30fd6d0, 0x000001b8f30c0a90, 0x000001b8ee20c9d0, 0x000001b8f4051320,
0x000001b8f4054e30, 0x000001b8f4053a80, 0x000001b8f40547a0, 0x000001b8f40519b0,
0x000001b8f40554c0, 0x000001b8f40526d0, 0x000001b8f4052040, 0x000001b8f4057590,
0x000001b8f4055b50, 0x000001b8f4057c20, 0x000001b8f4056870, 0x000001b8f40561e0,
0x000001b8f4058940, 0x000001b8f4056f00, 0x000001b8f40582b0, 0x000001b8f57c9a50,
0x000001b8f57ca0e0, 0x000001b8f57ca770, 0x000001b8f57cb490, 0x000001b8f57cbb20,
0x000001b8f5ffff80, 0x000001b8f6005b60, 0x000001b8f6002d70
}

Java Threads: ( => current thread )
  0x000001b8d4a7f010 JavaThread "main"                              [_thread_blocked, id=25292, stack(0x0000005c82700000,0x0000005c82800000) (1024K)]
  0x000001b8d4a2b050 JavaThread "Reference Handler"          daemon [_thread_blocked, id=25304, stack(0x0000005c82b00000,0x0000005c82c00000) (1024K)]
  0x000001b8d4a2e640 JavaThread "Finalizer"                  daemon [_thread_blocked, id=25308, stack(0x0000005c82c00000,0x0000005c82d00000) (1024K)]
  0x000001b8ec9f6f80 JavaThread "Signal Dispatcher"          daemon [_thread_blocked, id=25312, stack(0x0000005c82d00000,0x0000005c82e00000) (1024K)]
=>0x000001b8ec9f7e60 JavaThread "Attach Listener"            daemon [_thread_in_vm, id=25316, stack(0x0000005c82e00000,0x0000005c82f00000) (1024K)]
  0x000001b8ec9fa8d0 JavaThread "Service Thread"             daemon [_thread_blocked, id=25320, stack(0x0000005c82f00000,0x0000005c83000000) (1024K)]
  0x000001b8ec9fb330 JavaThread "Monitor Deflation Thread"   daemon [_thread_blocked, id=25272, stack(0x0000005c83000000,0x0000005c83100000) (1024K)]
  0x000001b8ec9fc170 JavaThread "C2 CompilerThread0"         daemon [_thread_blocked, id=25352, stack(0x0000005c83100000,0x0000005c83200000) (1024K)]
  0x000001b8eca35520 JavaThread "C1 CompilerThread0"         daemon [_thread_blocked, id=25008, stack(0x0000005c83200000,0x0000005c83300000) (1024K)]
  0x000001b8ecc0e4c0 JavaThread "Common-Cleaner"             daemon [_thread_blocked, id=25044, stack(0x0000005c83400000,0x0000005c83500000) (1024K)]
  0x000001b8ee120c70 JavaThread "Notification Thread"        daemon [_thread_blocked, id=25336, stack(0x0000005c83600000,0x0000005c83700000) (1024K)]
  0x000001b8f300ac00 JavaThread "Active Thread: Equinox Container: e4178588-888c-4b21-ae0a-8d6ed16bd841"        [_thread_blocked, id=25236, stack(0x0000005c83e00000,0x0000005c83f00000) (1024K)]
  0x000001b8ee747df0 JavaThread "Refresh Thread: Equinox Container: e4178588-888c-4b21-ae0a-8d6ed16bd841" daemon [_thread_blocked, id=24804, stack(0x0000005c84000000,0x0000005c84100000) (1024K)]
  0x000001b8ee702ac0 JavaThread "Framework Event Dispatcher: Equinox Container: e4178588-888c-4b21-ae0a-8d6ed16bd841" daemon [_thread_blocked, id=25324, stack(0x0000005c84100000,0x0000005c84200000) (1024K)]
  0x000001b8ee703130 JavaThread "Start Level: Equinox Container: e4178588-888c-4b21-ae0a-8d6ed16bd841" daemon [_thread_blocked, id=24812, stack(0x0000005c84200000,0x0000005c84300000) (1024K)]
  0x000001b8ecce1da0 JavaThread "Bundle File Closer"         daemon [_thread_blocked, id=25696, stack(0x0000005c84400000,0x0000005c84500000) (1024K)]
  0x000001b8f30fd6d0 JavaThread "SCR Component Actor"        daemon [_thread_blocked, id=26340, stack(0x0000005c84300000,0x0000005c84400000) (1024K)]
  0x000001b8f30c0a90 JavaThread "Worker-JM"                         [_thread_blocked, id=22684, stack(0x0000005c84700000,0x0000005c84800000) (1024K)]
  0x000001b8ee20c9d0 JavaThread "JNA Cleaner"                daemon [_thread_blocked, id=26460, stack(0x0000005c84c00000,0x0000005c84d00000) (1024K)]
  0x000001b8f4051320 JavaThread "Java indexing"              daemon [_thread_blocked, id=4396, stack(0x0000005c85000000,0x0000005c85100000) (1024K)]
  0x000001b8f4054e30 JavaThread "Thread-1"                   daemon [_thread_in_native, id=26448, stack(0x0000005c85400000,0x0000005c85500000) (1024K)]
  0x000001b8f4053a80 JavaThread "Thread-2"                   daemon [_thread_in_native, id=12516, stack(0x0000005c85500000,0x0000005c85600000) (1024K)]
  0x000001b8f40547a0 JavaThread "Thread-3"                   daemon [_thread_in_native, id=4868, stack(0x0000005c85600000,0x0000005c85700000) (1024K)]
  0x000001b8f40519b0 JavaThread "Thread-4"                   daemon [_thread_in_native, id=24620, stack(0x0000005c85700000,0x0000005c85800000) (1024K)]
  0x000001b8f40554c0 JavaThread "Thread-5"                   daemon [_thread_in_native, id=26424, stack(0x0000005c85800000,0x0000005c85900000) (1024K)]
  0x000001b8f40526d0 JavaThread "Thread-6"                   daemon [_thread_in_native, id=26468, stack(0x0000005c85900000,0x0000005c85a00000) (1024K)]
  0x000001b8f4052040 JavaThread "Thread-7"                   daemon [_thread_in_native, id=3144, stack(0x0000005c85a00000,0x0000005c85b00000) (1024K)]
  0x000001b8f4057590 JavaThread "Thread-8"                   daemon [_thread_in_native, id=14940, stack(0x0000005c85b00000,0x0000005c85c00000) (1024K)]
  0x000001b8f4055b50 JavaThread "Thread-9"                   daemon [_thread_in_native, id=24416, stack(0x0000005c85c00000,0x0000005c85d00000) (1024K)]
  0x000001b8f4057c20 JavaThread "Thread-10"                  daemon [_thread_in_native, id=24656, stack(0x0000005c85d00000,0x0000005c85e00000) (1024K)]
  0x000001b8f4056870 JavaThread "Thread-11"                  daemon [_thread_in_native, id=6500, stack(0x0000005c85e00000,0x0000005c85f00000) (1024K)]
  0x000001b8f40561e0 JavaThread "Thread-12"                  daemon [_thread_in_native, id=26464, stack(0x0000005c85f00000,0x0000005c86000000) (1024K)]
  0x000001b8f4058940 JavaThread "Thread-13"                  daemon [_thread_in_native, id=23580, stack(0x0000005c86000000,0x0000005c86100000) (1024K)]
  0x000001b8f4056f00 JavaThread "Thread-14"                  daemon [_thread_in_native, id=21192, stack(0x0000005c86100000,0x0000005c86200000) (1024K)]
  0x000001b8f40582b0 JavaThread "Thread-15"                  daemon [_thread_in_native, id=21488, stack(0x0000005c86200000,0x0000005c86300000) (1024K)]
  0x000001b8f57c9a50 JavaThread "Thread-16"                  daemon [_thread_in_native, id=2160, stack(0x0000005c86300000,0x0000005c86400000) (1024K)]
  0x000001b8f57ca0e0 JavaThread "Thread-17"                  daemon [_thread_in_native, id=7740, stack(0x0000005c86400000,0x0000005c86500000) (1024K)]
  0x000001b8f57ca770 JavaThread "pool-2-thread-1"                   [_thread_blocked, id=24532, stack(0x0000005c86500000,0x0000005c86600000) (1024K)]
  0x000001b8f57cb490 JavaThread "WorkspaceEventsHandler"            [_thread_blocked, id=17228, stack(0x0000005c86600000,0x0000005c86700000) (1024K)]
  0x000001b8f57cbb20 JavaThread "pool-1-thread-1"                   [_thread_blocked, id=14252, stack(0x0000005c86700000,0x0000005c86800000) (1024K)]
  0x000001b8f5ffff80 JavaThread "Cleaner-0"                  daemon [_thread_blocked, id=11592, stack(0x0000005c86b00000,0x0000005c86c00000) (1024K)]
  0x000001b8f6005b60 JavaThread "Worker-37"                         [_thread_blocked, id=28256, stack(0x0000005c84b00000,0x0000005c84c00000) (1024K)]
  0x000001b8f6002d70 JavaThread "Worker-41"                         [_thread_blocked, id=30400, stack(0x0000005c82500000,0x0000005c82600000) (1024K)]
Total: 43

Other Threads:
  0x000001b8ec9f32d0 VMThread "VM Thread"                           [id=25300, stack(0x0000005c82a00000,0x0000005c82b00000) (1024K)]
  0x000001b8d490ca00 WatcherThread "VM Periodic Task Thread"        [id=25296, stack(0x0000005c82900000,0x0000005c82a00000) (1024K)]
  0x000001b8d4a9d420 WorkerThread "GC Thread#0"                     [id=25288, stack(0x0000005c82800000,0x0000005c82900000) (1024K)]
  0x000001b8ee39d0a0 WorkerThread "GC Thread#1"                     [id=24640, stack(0x0000005c83800000,0x0000005c83900000) (1024K)]
  0x000001b8ee397940 WorkerThread "GC Thread#2"                     [id=25032, stack(0x0000005c83900000,0x0000005c83a00000) (1024K)]
  0x000001b8ee5b5810 WorkerThread "GC Thread#3"                     [id=24668, stack(0x0000005c83a00000,0x0000005c83b00000) (1024K)]
  0x000001b8ee15fa30 WorkerThread "GC Thread#4"                     [id=10236, stack(0x0000005c83b00000,0x0000005c83c00000) (1024K)]
  0x000001b8ee15fde0 WorkerThread "GC Thread#5"                     [id=25172, stack(0x0000005c83c00000,0x0000005c83d00000) (1024K)]
  0x000001b8ee160190 WorkerThread "GC Thread#6"                     [id=25164, stack(0x0000005c83d00000,0x0000005c83e00000) (1024K)]
  0x000001b8ee74b8b0 WorkerThread "GC Thread#7"                     [id=25260, stack(0x0000005c83f00000,0x0000005c84000000) (1024K)]
  0x000001b8ee2e1a60 WorkerThread "GC Thread#8"                     [id=25768, stack(0x0000005c83300000,0x0000005c83400000) (1024K)]
  0x000001b8f32fb550 WorkerThread "GC Thread#9"                     [id=25740, stack(0x0000005c83500000,0x0000005c83600000) (1024K)]
  0x000001b8ecc88c10 WorkerThread "GC Thread#10"                    [id=25736, stack(0x0000005c83700000,0x0000005c83800000) (1024K)]
  0x000001b8f37485e0 WorkerThread "GC Thread#11"                    [id=25244, stack(0x0000005c84800000,0x0000005c84900000) (1024K)]
  0x000001b8f3748da0 WorkerThread "GC Thread#12"                    [id=25080, stack(0x0000005c84900000,0x0000005c84a00000) (1024K)]
Total: 15

Threads with active compile tasks:
Total: 0

VM state: not at safepoint (normal execution)

VM Mutex/Monitor currently owned by a thread: None

Heap address: 0x0000000080000000, size: 2048 MB, Compressed Oops mode: 32-bit

CDS archive(s) mapped at: [0x000001b880000000-0x000001b880ba0000-0x000001b880ba0000), size 12189696, SharedBaseAddress: 0x000001b880000000, ArchiveRelocationMode: 1.
Compressed class space mapped at: 0x000001b881000000-0x000001b8c1000000, reserved size: 1073741824
Narrow klass base: 0x000001b880000000, Narrow klass shift: 0, Narrow klass range: 0x100000000

GC Precious Log:
 CardTable entry size: 512
 CPUs: 16 total, 16 available
 Memory: 7876M
 Large Page Support: Disabled
 NUMA Support: Disabled
 Compressed Oops: Enabled (32-bit)
 Alignments: Space 512K, Generation 512K, Heap 2M
 Heap Min Capacity: 100M
 Heap Initial Capacity: 100M
 Heap Max Capacity: 2G
 Pre-touch: Disabled
 Parallel Workers: 13

Heap:
 PSYoungGen      total 7680K, used 6210K [0x00000000d5580000, 0x00000000d5f80000, 0x0000000100000000)
  eden space 6144K, 82% used [0x00000000d5580000,0x00000000d5a784a8,0x00000000d5b80000)
  from space 1536K, 72% used [0x00000000d5e00000,0x00000000d5f184e8,0x00000000d5f80000)
  to   space 1536K, 0% used [0x00000000d5c80000,0x00000000d5c80000,0x00000000d5e00000)
 ParOldGen       total 681472K, used 681339K [0x0000000080000000, 0x00000000a9980000, 0x00000000d5580000)
  object space 681472K, 99% used [0x0000000080000000,0x00000000a995ef10,0x00000000a9980000)
 Metaspace       used 92692K, committed 94592K, reserved 1179648K
  class space    used 9230K, committed 10048K, reserved 1048576K

Card table byte_map: [0x000001b8d4420000,0x000001b8d4830000] _byte_map_base: 0x000001b8d4020000

Marking Bits: (ParMarkBitMap*) 0x00007ffed6313450
 Begin Bits: [0x000001b8e6f30000, 0x000001b8e8f30000)
 End Bits:   [0x000001b8e8f30000, 0x000001b8eaf30000)

Polling page: 0x000001b8d2810000

Metaspace:

Usage:
  Non-class:     81.51 MB used.
      Class:      9.01 MB used.
       Both:     90.52 MB used.

Virtual space:
  Non-class space:      128.00 MB reserved,      82.56 MB ( 65%) committed,  2 nodes.
      Class space:        1.00 GB reserved,       9.81 MB ( <1%) committed,  1 nodes.
             Both:        1.12 GB reserved,      92.38 MB (  8%) committed. 

Chunk freelists:
   Non-Class:  13.08 MB
       Class:  6.19 MB
        Both:  19.27 MB

MaxMetaspaceSize: unlimited
CompressedClassSpaceSize: 1.00 GB
Initial GC threshold: 21.00 MB
Current GC threshold: 139.00 MB
CDS: on
 - commit_granule_bytes: 65536.
 - commit_granule_words: 8192.
 - virtual_space_node_default_size: 8388608.
 - enlarge_chunks_in_place: 1.
 - use_allocation_guard: 0.


Internal statistics:

num_allocs_failed_limit: 13.
num_arena_births: 1920.
num_arena_deaths: 20.
num_vsnodes_births: 3.
num_vsnodes_deaths: 0.
num_space_committed: 1477.
num_space_uncommitted: 0.
num_chunks_returned_to_freelist: 36.
num_chunks_taken_from_freelist: 6559.
num_chunk_merges: 21.
num_chunk_splits: 4011.
num_chunks_enlarged: 2268.
num_inconsistent_stats: 0.

CodeHeap 'non-profiled nmethods': size=119168Kb used=29021Kb max_used=29021Kb free=90146Kb
 bounds [0x000001b8df820000, 0x000001b8e1480000, 0x000001b8e6c80000]
CodeHeap 'profiled nmethods': size=119104Kb used=57641Kb max_used=57641Kb free=61462Kb
 bounds [0x000001b8d7c80000, 0x000001b8db4d0000, 0x000001b8df0d0000]
CodeHeap 'non-nmethods': size=7488Kb used=1521Kb max_used=3246Kb free=5966Kb
 bounds [0x000001b8df0d0000, 0x000001b8df410000, 0x000001b8df820000]
CodeCache: size=245760Kb, used=88183Kb, max_used=89908Kb, free=157574Kb
 total_blobs=22833, nmethods=21985, adapters=750, full_count=0
Compilation: enabled, stopped_count=0, restarted_count=0

Compilation events (20 events):
Event: 4551.163 Thread 0x000001b8eca35520 26826       3       org.eclipse.jdt.internal.compiler.lookup.ImplicitNullAnnotationVerifier::<init> (20 bytes)
Event: 4551.166 Thread 0x000001b8eca35520 nmethod 26826 0x000001b8db4c6910 code [0x000001b8db4c6ac0, 0x000001b8db4c6c60]
Event: 4551.438 Thread 0x000001b8eca35520 26827       3       org.eclipse.jdt.internal.compiler.Compiler::beginToCompile (23 bytes)
Event: 4551.438 Thread 0x000001b8eca35520 nmethod 26827 0x000001b8db4c6d10 code [0x000001b8db4c6ec0, 0x000001b8db4c7148]
Event: 4551.443 Thread 0x000001b8eca35520 26828       3       org.eclipse.jdt.internal.compiler.lookup.ImplicitNullAnnotationVerifier::<init> (39 bytes)
Event: 4551.443 Thread 0x000001b8eca35520 nmethod 26828 0x000001b8db4c7290 code [0x000001b8db4c7440, 0x000001b8db4c7738]
Event: 4832.272 Thread 0x000001b8eca35520 26829       3       org.eclipse.core.internal.jobs.DeadlockDetector::indexOf (43 bytes)
Event: 4832.375 Thread 0x000001b8eca35520 nmethod 26829 0x000001b8db4c7910 code [0x000001b8db4c7ae0, 0x000001b8db4c7f88]
Event: 5075.552 Thread 0x000001b8eca35520 26830   !   3       java.util.logging.LogManager::getUserContext (118 bytes)
Event: 5075.575 Thread 0x000001b8eca35520 nmethod 26830 0x000001b8db4c8110 code [0x000001b8db4c82c0, 0x000001b8db4c8530]
Event: 5075.575 Thread 0x000001b8eca35520 26831       3       jdk.internal.access.SharedSecrets::getJavaAWTAccess (4 bytes)
Event: 5075.576 Thread 0x000001b8eca35520 nmethod 26831 0x000001b8db4c8690 code [0x000001b8db4c8820, 0x000001b8db4c8918]
Event: 5524.011 Thread 0x000001b8eca35520 26832       3       java.util.concurrent.locks.AbstractQueuedSynchronizer$ConditionObject::enableWait (84 bytes)
Event: 5524.012 Thread 0x000001b8ec9fc170 26833       4       java.util.concurrent.locks.AbstractQueuedSynchronizer$Node::setStatusRelaxed (12 bytes)
Event: 5524.027 Thread 0x000001b8ec9fc170 nmethod 26833 0x000001b8e1477390 code [0x000001b8e1477520, 0x000001b8e14775b0]
Event: 5524.028 Thread 0x000001b8eca35520 nmethod 26832 0x000001b8db4c8990 code [0x000001b8db4c8ba0, 0x000001b8db4c91d8]
Event: 5532.392 Thread 0x000001b8eca35520 26834   !   3       java.util.concurrent.locks.AbstractQueuedSynchronizer$ConditionObject::newConditionNode (78 bytes)
Event: 5532.399 Thread 0x000001b8eca35520 nmethod 26834 0x000001b8db4c9410 code [0x000001b8db4c9680, 0x000001b8db4c9e60]
Event: 5658.123 Thread 0x000001b8eca35520 26835       3       java.util.concurrent.ThreadPoolExecutor$Worker::unlock (7 bytes)
Event: 5658.137 Thread 0x000001b8eca35520 nmethod 26835 0x000001b8db4ca110 code [0x000001b8db4ca2e0, 0x000001b8db4ca538]

GC Heap History (20 events):
Event: 4061.750 GC heap before
{Heap before GC invocations=1942 (full 5):
 PSYoungGen      total 7168K, used 6800K [0x00000000d5580000, 0x00000000d5d80000, 0x0000000100000000)
  eden space 6144K, 100% used [0x00000000d5580000,0x00000000d5b80000,0x00000000d5b80000)
  from space 1024K, 64% used [0x00000000d5c80000,0x00000000d5d24010,0x00000000d5d80000)
  to   space 1024K, 0% used [0x00000000d5b80000,0x00000000d5b80000,0x00000000d5c80000)
 ParOldGen       total 673792K, used 673355K [0x0000000080000000, 0x00000000a9200000, 0x00000000d5580000)
  object space 673792K, 99% used [0x0000000080000000,0x00000000a9192e48,0x00000000a9200000)
 Metaspace       used 92668K, committed 94592K, reserved 1179648K
  class space    used 9229K, committed 10048K, reserved 1048576K
}
Event: 4061.897 GC heap after
{Heap after GC invocations=1942 (full 5):
 PSYoungGen      total 7168K, used 1020K [0x00000000d5580000, 0x00000000d5e80000, 0x0000000100000000)
  eden space 6144K, 0% used [0x00000000d5580000,0x00000000d5580000,0x00000000d5b80000)
  from space 1024K, 99% used [0x00000000d5b80000,0x00000000d5c7f0b8,0x00000000d5c80000)
  to   space 1536K, 0% used [0x00000000d5d00000,0x00000000d5d00000,0x00000000d5e80000)
 ParOldGen       total 674304K, used 673871K [0x0000000080000000, 0x00000000a9280000, 0x00000000d5580000)
  object space 674304K, 99% used [0x0000000080000000,0x00000000a9213f00,0x00000000a9280000)
 Metaspace       used 92668K, committed 94592K, reserved 1179648K
  class space    used 9229K, committed 10048K, reserved 1048576K
}
Event: 4062.980 GC heap before
{Heap before GC invocations=1943 (full 5):
 PSYoungGen      total 7168K, used 7164K [0x00000000d5580000, 0x00000000d5e80000, 0x0000000100000000)
  eden space 6144K, 100% used [0x00000000d5580000,0x00000000d5b80000,0x00000000d5b80000)
  from space 1024K, 99% used [0x00000000d5b80000,0x00000000d5c7f0b8,0x00000000d5c80000)
  to   space 1536K, 0% used [0x00000000d5d00000,0x00000000d5d00000,0x00000000d5e80000)
 ParOldGen       total 674304K, used 673871K [0x0000000080000000, 0x00000000a9280000, 0x00000000d5580000)
  object space 674304K, 99% used [0x0000000080000000,0x00000000a9213f00,0x00000000a9280000)
 Metaspace       used 92672K, committed 94592K, reserved 1179648K
  class space    used 9229K, committed 10048K, reserved 1048576K
}
Event: 4062.985 GC heap after
{Heap after GC invocations=1943 (full 5):
 PSYoungGen      total 7680K, used 1361K [0x00000000d5580000, 0x00000000d5e80000, 0x0000000100000000)
  eden space 6144K, 0% used [0x00000000d5580000,0x00000000d5580000,0x00000000d5b80000)
  from space 1536K, 88% used [0x00000000d5d00000,0x00000000d5e54560,0x00000000d5e80000)
  to   space 1536K, 0% used [0x00000000d5b80000,0x00000000d5b80000,0x00000000d5d00000)
 ParOldGen       total 674816K, used 674410K [0x0000000080000000, 0x00000000a9300000, 0x00000000d5580000)
  object space 674816K, 99% used [0x0000000080000000,0x00000000a929a930,0x00000000a9300000)
 Metaspace       used 92672K, committed 94592K, reserved 1179648K
  class space    used 9229K, committed 10048K, reserved 1048576K
}
Event: 4063.147 GC heap before
{Heap before GC invocations=1944 (full 5):
 PSYoungGen      total 7680K, used 7505K [0x00000000d5580000, 0x00000000d5e80000, 0x0000000100000000)
  eden space 6144K, 100% used [0x00000000d5580000,0x00000000d5b80000,0x00000000d5b80000)
  from space 1536K, 88% used [0x00000000d5d00000,0x00000000d5e54560,0x00000000d5e80000)
  to   space 1536K, 0% used [0x00000000d5b80000,0x00000000d5b80000,0x00000000d5d00000)
 ParOldGen       total 674816K, used 674410K [0x0000000080000000, 0x00000000a9300000, 0x00000000d5580000)
  object space 674816K, 99% used [0x0000000080000000,0x00000000a929a930,0x00000000a9300000)
 Metaspace       used 92675K, committed 94592K, reserved 1179648K
  class space    used 9230K, committed 10048K, reserved 1048576K
}
Event: 4063.156 GC heap after
{Heap after GC invocations=1944 (full 5):
 PSYoungGen      total 7680K, used 832K [0x00000000d5580000, 0x00000000d5e80000, 0x0000000100000000)
  eden space 6144K, 0% used [0x00000000d5580000,0x00000000d5580000,0x00000000d5b80000)
  from space 1536K, 54% used [0x00000000d5b80000,0x00000000d5c50020,0x00000000d5d00000)
  to   space 1536K, 0% used [0x00000000d5d00000,0x00000000d5d00000,0x00000000d5e80000)
 ParOldGen       total 675840K, used 675567K [0x0000000080000000, 0x00000000a9400000, 0x00000000d5580000)
  object space 675840K, 99% used [0x0000000080000000,0x00000000a93bbf48,0x00000000a9400000)
 Metaspace       used 92675K, committed 94592K, reserved 1179648K
  class space    used 9230K, committed 10048K, reserved 1048576K
}
Event: 4063.207 GC heap before
{Heap before GC invocations=1945 (full 5):
 PSYoungGen      total 7680K, used 6976K [0x00000000d5580000, 0x00000000d5e80000, 0x0000000100000000)
  eden space 6144K, 100% used [0x00000000d5580000,0x00000000d5b80000,0x00000000d5b80000)
  from space 1536K, 54% used [0x00000000d5b80000,0x00000000d5c50020,0x00000000d5d00000)
  to   space 1536K, 0% used [0x00000000d5d00000,0x00000000d5d00000,0x00000000d5e80000)
 ParOldGen       total 675840K, used 675567K [0x0000000080000000, 0x00000000a9400000, 0x00000000d5580000)
  object space 675840K, 99% used [0x0000000080000000,0x00000000a93bbf48,0x00000000a9400000)
 Metaspace       used 92675K, committed 94592K, reserved 1179648K
  class space    used 9230K, committed 10048K, reserved 1048576K
}
Event: 4063.210 GC heap after
{Heap after GC invocations=1945 (full 5):
 PSYoungGen      total 7168K, used 608K [0x00000000d5580000, 0x00000000d5e00000, 0x0000000100000000)
  eden space 6144K, 0% used [0x00000000d5580000,0x00000000d5580000,0x00000000d5b80000)
  from space 1024K, 59% used [0x00000000d5d00000,0x00000000d5d98000,0x00000000d5e00000)
  to   space 1024K, 0% used [0x00000000d5c00000,0x00000000d5c00000,0x00000000d5d00000)
 ParOldGen       total 676352K, used 676199K [0x0000000080000000, 0x00000000a9480000, 0x00000000d5580000)
  object space 676352K, 99% used [0x0000000080000000,0x00000000a9459fa8,0x00000000a9480000)
 Metaspace       used 92675K, committed 94592K, reserved 1179648K
  class space    used 9230K, committed 10048K, reserved 1048576K
}
Event: 4063.450 GC heap before
{Heap before GC invocations=1946 (full 5):
 PSYoungGen      total 7168K, used 6752K [0x00000000d5580000, 0x00000000d5e00000, 0x0000000100000000)
  eden space 6144K, 100% used [0x00000000d5580000,0x00000000d5b80000,0x00000000d5b80000)
  from space 1024K, 59% used [0x00000000d5d00000,0x00000000d5d98000,0x00000000d5e00000)
  to   space 1024K, 0% used [0x00000000d5c00000,0x00000000d5c00000,0x00000000d5d00000)
 ParOldGen       total 676352K, used 676199K [0x0000000080000000, 0x00000000a9480000, 0x00000000d5580000)
  object space 676352K, 99% used [0x0000000080000000,0x00000000a9459fa8,0x00000000a9480000)
 Metaspace       used 92678K, committed 94592K, reserved 1179648K
  class space    used 9230K, committed 10048K, reserved 1048576K
}
Event: 4063.455 GC heap after
{Heap after GC invocations=1946 (full 5):
 PSYoungGen      total 7168K, used 1024K [0x00000000d5580000, 0x00000000d5f80000, 0x0000000100000000)
  eden space 6144K, 0% used [0x00000000d5580000,0x00000000d5580000,0x00000000d5b80000)
  from space 1024K, 100% used [0x00000000d5c00000,0x00000000d5d00000,0x00000000d5d00000)
  to   space 2048K, 0% used [0x00000000d5d80000,0x00000000d5d80000,0x00000000d5f80000)
 ParOldGen       total 677376K, used 676955K [0x0000000080000000, 0x00000000a9580000, 0x00000000d5580000)
  object space 677376K, 99% used [0x0000000080000000,0x00000000a9516ff8,0x00000000a9580000)
 Metaspace       used 92678K, committed 94592K, reserved 1179648K
  class space    used 9230K, committed 10048K, reserved 1048576K
}
Event: 4063.524 GC heap before
{Heap before GC invocations=1947 (full 5):
 PSYoungGen      total 7168K, used 7168K [0x00000000d5580000, 0x00000000d5f80000, 0x0000000100000000)
  eden space 6144K, 100% used [0x00000000d5580000,0x00000000d5b80000,0x00000000d5b80000)
  from space 1024K, 100% used [0x00000000d5c00000,0x00000000d5d00000,0x00000000d5d00000)
  to   space 2048K, 0% used [0x00000000d5d80000,0x00000000d5d80000,0x00000000d5f80000)
 ParOldGen       total 677376K, used 676955K [0x0000000080000000, 0x00000000a9580000, 0x00000000d5580000)
  object space 677376K, 99% used [0x0000000080000000,0x00000000a9516ff8,0x00000000a9580000)
 Metaspace       used 92684K, committed 94592K, reserved 1179648K
  class space    used 9230K, committed 10048K, reserved 1048576K
}
Event: 4063.526 GC heap after
{Heap after GC invocations=1947 (full 5):
 PSYoungGen      total 8192K, used 1429K [0x00000000d5580000, 0x00000000d5f80000, 0x0000000100000000)
  eden space 6144K, 0% used [0x00000000d5580000,0x00000000d5580000,0x00000000d5b80000)
  from space 2048K, 69% used [0x00000000d5d80000,0x00000000d5ee54a8,0x00000000d5f80000)
  to   space 2048K, 0% used [0x00000000d5b80000,0x00000000d5b80000,0x00000000d5d80000)
 ParOldGen       total 677888K, used 677772K [0x0000000080000000, 0x00000000a9600000, 0x00000000d5580000)
  object space 677888K, 99% used [0x0000000080000000,0x00000000a95e3008,0x00000000a9600000)
 Metaspace       used 92684K, committed 94592K, reserved 1179648K
  class space    used 9230K, committed 10048K, reserved 1048576K
}
Event: 4063.535 GC heap before
{Heap before GC invocations=1948 (full 5):
 PSYoungGen      total 8192K, used 7573K [0x00000000d5580000, 0x00000000d5f80000, 0x0000000100000000)
  eden space 6144K, 100% used [0x00000000d5580000,0x00000000d5b80000,0x00000000d5b80000)
  from space 2048K, 69% used [0x00000000d5d80000,0x00000000d5ee54a8,0x00000000d5f80000)
  to   space 2048K, 0% used [0x00000000d5b80000,0x00000000d5b80000,0x00000000d5d80000)
 ParOldGen       total 677888K, used 677772K [0x0000000080000000, 0x00000000a9600000, 0x00000000d5580000)
  object space 677888K, 99% used [0x0000000080000000,0x00000000a95e3008,0x00000000a9600000)
 Metaspace       used 92684K, committed 94592K, reserved 1179648K
  class space    used 9230K, committed 10048K, reserved 1048576K
}
Event: 4063.536 GC heap after
{Heap after GC invocations=1948 (full 5):
 PSYoungGen      total 7168K, used 544K [0x00000000d5580000, 0x00000000d5e00000, 0x0000000100000000)
  eden space 6144K, 0% used [0x00000000d5580000,0x00000000d5580000,0x00000000d5b80000)
  from space 1024K, 53% used [0x00000000d5b80000,0x00000000d5c08020,0x00000000d5c80000)
  to   space 1024K, 0% used [0x00000000d5d00000,0x00000000d5d00000,0x00000000d5e00000)
 ParOldGen       total 679424K, used 679023K [0x0000000080000000, 0x00000000a9780000, 0x00000000d5580000)
  object space 679424K, 99% used [0x0000000080000000,0x00000000a971bf80,0x00000000a9780000)
 Metaspace       used 92684K, committed 94592K, reserved 1179648K
  class space    used 9230K, committed 10048K, reserved 1048576K
}
Event: 4063.545 GC heap before
{Heap before GC invocations=1949 (full 5):
 PSYoungGen      total 7168K, used 6688K [0x00000000d5580000, 0x00000000d5e00000, 0x0000000100000000)
  eden space 6144K, 100% used [0x00000000d5580000,0x00000000d5b80000,0x00000000d5b80000)
  from space 1024K, 53% used [0x00000000d5b80000,0x00000000d5c08020,0x00000000d5c80000)
  to   space 1024K, 0% used [0x00000000d5d00000,0x00000000d5d00000,0x00000000d5e00000)
 ParOldGen       total 679424K, used 679023K [0x0000000080000000, 0x00000000a9780000, 0x00000000d5580000)
  object space 679424K, 99% used [0x0000000080000000,0x00000000a971bf80,0x00000000a9780000)
 Metaspace       used 92684K, committed 94592K, reserved 1179648K
  class space    used 9230K, committed 10048K, reserved 1048576K
}
Event: 4063.547 GC heap after
{Heap after GC invocations=1949 (full 5):
 PSYoungGen      total 7168K, used 640K [0x00000000d5580000, 0x00000000d5e00000, 0x0000000100000000)
  eden space 6144K, 0% used [0x00000000d5580000,0x00000000d5580000,0x00000000d5b80000)
  from space 1024K, 62% used [0x00000000d5d00000,0x00000000d5da0000,0x00000000d5e00000)
  to   space 1024K, 0% used [0x00000000d5b80000,0x00000000d5b80000,0x00000000d5c80000)
 ParOldGen       total 679936K, used 679543K [0x0000000080000000, 0x00000000a9800000, 0x00000000d5580000)
  object space 679936K, 99% used [0x0000000080000000,0x00000000a979dfc0,0x00000000a9800000)
 Metaspace       used 92684K, committed 94592K, reserved 1179648K
  class space    used 9230K, committed 10048K, reserved 1048576K
}
Event: 4063.562 GC heap before
{Heap before GC invocations=1950 (full 5):
 PSYoungGen      total 7168K, used 6784K [0x00000000d5580000, 0x00000000d5e00000, 0x0000000100000000)
  eden space 6144K, 100% used [0x00000000d5580000,0x00000000d5b80000,0x00000000d5b80000)
  from space 1024K, 62% used [0x00000000d5d00000,0x00000000d5da0000,0x00000000d5e00000)
  to   space 1024K, 0% used [0x00000000d5b80000,0x00000000d5b80000,0x00000000d5c80000)
 ParOldGen       total 679936K, used 679543K [0x0000000080000000, 0x00000000a9800000, 0x00000000d5580000)
  object space 679936K, 99% used [0x0000000080000000,0x00000000a979dfc0,0x00000000a9800000)
 Metaspace       used 92686K, committed 94592K, reserved 1179648K
  class space    used 9230K, committed 10048K, reserved 1048576K
}
Event: 4063.565 GC heap after
{Heap after GC invocations=1950 (full 5):
 PSYoungGen      total 7168K, used 1024K [0x00000000d5580000, 0x00000000d6080000, 0x0000000100000000)
  eden space 6144K, 0% used [0x00000000d5580000,0x00000000d5580000,0x00000000d5b80000)
  from space 1024K, 100% used [0x00000000d5b80000,0x00000000d5c80000,0x00000000d5c80000)
  to   space 2560K, 0% used [0x00000000d5e00000,0x00000000d5e00000,0x00000000d6080000)
 ParOldGen       total 680448K, used 680419K [0x0000000080000000, 0x00000000a9880000, 0x00000000d5580000)
  object space 680448K, 99% used [0x0000000080000000,0x00000000a9878f10,0x00000000a9880000)
 Metaspace       used 92686K, committed 94592K, reserved 1179648K
  class space    used 9230K, committed 10048K, reserved 1048576K
}
Event: 4551.239 GC heap before
{Heap before GC invocations=1951 (full 5):
 PSYoungGen      total 7168K, used 7168K [0x00000000d5580000, 0x00000000d6080000, 0x0000000100000000)
  eden space 6144K, 100% used [0x00000000d5580000,0x00000000d5b80000,0x00000000d5b80000)
  from space 1024K, 100% used [0x00000000d5b80000,0x00000000d5c80000,0x00000000d5c80000)
  to   space 2560K, 0% used [0x00000000d5e00000,0x00000000d5e00000,0x00000000d6080000)
 ParOldGen       total 680448K, used 680419K [0x0000000080000000, 0x00000000a9880000, 0x00000000d5580000)
  object space 680448K, 99% used [0x0000000080000000,0x00000000a9878f10,0x00000000a9880000)
 Metaspace       used 92691K, committed 94592K, reserved 1179648K
  class space    used 9230K, committed 10048K, reserved 1048576K
}
Event: 4551.403 GC heap after
{Heap after GC invocations=1951 (full 5):
 PSYoungGen      total 7680K, used 1121K [0x00000000d5580000, 0x00000000d5f80000, 0x0000000100000000)
  eden space 6144K, 0% used [0x00000000d5580000,0x00000000d5580000,0x00000000d5b80000)
  from space 1536K, 72% used [0x00000000d5e00000,0x00000000d5f184e8,0x00000000d5f80000)
  to   space 1536K, 0% used [0x00000000d5c80000,0x00000000d5c80000,0x00000000d5e00000)
 ParOldGen       total 681472K, used 681339K [0x0000000080000000, 0x00000000a9980000, 0x00000000d5580000)
  object space 681472K, 99% used [0x0000000080000000,0x00000000a995ef10,0x00000000a9980000)
 Metaspace       used 92691K, committed 94592K, reserved 1179648K
  class space    used 9230K, committed 10048K, reserved 1048576K
}

Dll operation events (10 events):
Event: 0.014 Loaded shared library c:\Users\User\.vscode\extensions\redhat.java-1.54.0-win32-x64\jre\21.0.10-win32-x86_64\bin\java.dll
Event: 0.117 Loaded shared library c:\Users\User\.vscode\extensions\redhat.java-1.54.0-win32-x64\jre\21.0.10-win32-x86_64\bin\zip.dll
Event: 0.139 Loaded shared library C:\Users\User\.vscode\extensions\redhat.java-1.54.0-win32-x64\jre\21.0.10-win32-x86_64\bin\instrument.dll
Event: 0.144 Loaded shared library C:\Users\User\.vscode\extensions\redhat.java-1.54.0-win32-x64\jre\21.0.10-win32-x86_64\bin\net.dll
Event: 0.147 Loaded shared library C:\Users\User\.vscode\extensions\redhat.java-1.54.0-win32-x64\jre\21.0.10-win32-x86_64\bin\nio.dll
Event: 0.150 Loaded shared library C:\Users\User\.vscode\extensions\redhat.java-1.54.0-win32-x64\jre\21.0.10-win32-x86_64\bin\zip.dll
Event: 0.169 Loaded shared library C:\Users\User\.vscode\extensions\redhat.java-1.54.0-win32-x64\jre\21.0.10-win32-x86_64\bin\jimage.dll
Event: 0.264 Loaded shared library c:\Users\User\.vscode\extensions\redhat.java-1.54.0-win32-x64\jre\21.0.10-win32-x86_64\bin\verify.dll
Event: 1.500 Loaded shared library C:\Users\User\AppData\Roaming\Code\User\globalStorage\redhat.java\1.54.0\config_win\org.eclipse.equinox.launcher\org.eclipse.equinox.launcher.win32.win32.x86_64_1.3.0.v20260203-2149\eclipse_11919.dll
Event: 31.730 Loaded shared library C:\Users\User\AppData\Local\Temp\jna-2645995\jna14665129342715660289.dll

Deoptimization events (20 events):
Event: 2024.864 Thread 0x000001b8c3414750 Uncommon trap: trap_request=0xffffff45 fr.pc=0x000001b8e05c2c3c relative=0x00000000000005fc
Event: 2024.864 Thread 0x000001b8c3414750 Uncommon trap: reason=unstable_if action=reinterpret pc=0x000001b8e05c2c3c method=org.eclipse.jdt.core.dom.AST.postValueChangeEvent(Lorg/eclipse/jdt/core/dom/ASTNode;Lorg/eclipse/jdt/core/dom/SimplePropertyDescriptor;)V @ 14 c2
Event: 2024.864 Thread 0x000001b8c3414750 DEOPT PACKING pc=0x000001b8e05c2c3c sp=0x0000005c86cfdc50
Event: 2024.864 Thread 0x000001b8c3414750 DEOPT UNPACKING pc=0x000001b8df123aa2 sp=0x0000005c86cfdc48 mode 2
Event: 2385.754 Thread 0x000001b8f57cbb20 DEOPT PACKING pc=0x000001b8db26c884 sp=0x0000005c867fde70
Event: 2385.755 Thread 0x000001b8f57cbb20 DEOPT UNPACKING pc=0x000001b8df124242 sp=0x0000005c867fd3c8 mode 0
Event: 2387.310 Thread 0x000001b8c340f890 Uncommon trap: trap_request=0xffffffde fr.pc=0x000001b8e120fc38 relative=0x0000000000001998
Event: 2387.310 Thread 0x000001b8c340f890 Uncommon trap: reason=class_check action=maybe_recompile pc=0x000001b8e120fc38 method=org.eclipse.jdt.internal.core.Openable.getBuffer()Lorg/eclipse/jdt/core/IBuffer; @ 28 c2
Event: 2387.310 Thread 0x000001b8c340f890 DEOPT PACKING pc=0x000001b8e120fc38 sp=0x0000005c84afe670
Event: 2387.311 Thread 0x000001b8c340f890 DEOPT UNPACKING pc=0x000001b8df123aa2 sp=0x0000005c84afe698 mode 2
Event: 3424.065 Thread 0x000001b8f60054d0 DEOPT PACKING pc=0x000001b8dae9bd46 sp=0x0000005c845ff170
Event: 3424.066 Thread 0x000001b8f60054d0 DEOPT UNPACKING pc=0x000001b8df124242 sp=0x0000005c845fe668 mode 0
Event: 3552.149 Thread 0x000001b8f6002d70 Uncommon trap: trap_request=0xffffff6e fr.pc=0x000001b8e14460b8 relative=0x00000000000009d8
Event: 3552.149 Thread 0x000001b8f6002d70 Uncommon trap: reason=loop_limit_check action=maybe_recompile pc=0x000001b8e14460b8 method=org.eclipse.jdt.internal.compiler.util.HashtableOfModule.rehash()V @ 50 c2
Event: 3552.149 Thread 0x000001b8f6002d70 DEOPT PACKING pc=0x000001b8e14460b8 sp=0x0000005c870fdc10
Event: 3552.151 Thread 0x000001b8f6002d70 DEOPT UNPACKING pc=0x000001b8df123aa2 sp=0x0000005c870fdbc0 mode 2
Event: 4061.363 Thread 0x000001b8f57cbb20 DEOPT PACKING pc=0x000001b8db26c884 sp=0x0000005c867fe0d0
Event: 4061.364 Thread 0x000001b8f57cbb20 DEOPT UNPACKING pc=0x000001b8df124242 sp=0x0000005c867fd628 mode 0
Event: 4063.259 Thread 0x000001b8f6005b60 DEOPT PACKING pc=0x000001b8d9a003bc sp=0x0000005c84bfe530
Event: 4063.260 Thread 0x000001b8f6005b60 DEOPT UNPACKING pc=0x000001b8df124242 sp=0x0000005c84bfda78 mode 0

Classes loaded (20 events):
Event: 1089.355 Loading class java/util/stream/DoubleStream
Event: 1089.356 Loading class java/util/stream/DoubleStream done
Event: 1089.356 Loading class java/util/function/DoubleBinaryOperator
Event: 1089.356 Loading class java/util/function/DoubleBinaryOperator done
Event: 1089.356 Loading class java/util/function/IntBinaryOperator
Event: 1089.357 Loading class java/util/function/IntBinaryOperator done
Event: 1089.357 Loading class java/util/function/IntToDoubleFunction
Event: 1089.357 Loading class java/util/function/IntToDoubleFunction done
Event: 1089.357 Loading class java/util/function/IntToLongFunction
Event: 1089.357 Loading class java/util/function/IntToLongFunction done
Event: 1089.803 Loading class java/util/function/IntPredicate
Event: 1089.804 Loading class java/util/function/IntPredicate done
Event: 1089.845 Loading class java/util/regex/Pattern$Bound
Event: 1089.845 Loading class java/util/regex/Pattern$Bound done
Event: 1686.219 Loading class jdk/internal/module/IllegalAccessLogger
Event: 1686.225 Loading class jdk/internal/module/IllegalAccessLogger done
Event: 2024.823 Loading class java/util/regex/Pattern$Behind
Event: 2024.824 Loading class java/util/regex/Pattern$Behind done
Event: 2024.825 Loading class java/util/regex/Pattern$Neg
Event: 2024.825 Loading class java/util/regex/Pattern$Neg done

Classes unloaded (10 events):
Event: 32.059 Thread 0x000001b8ec9f32d0 Unloading class 0x000001b8811a9400 'java/lang/invoke/LambdaForm$MH+0x000001b8811a9400'
Event: 32.059 Thread 0x000001b8ec9f32d0 Unloading class 0x000001b8811a9000 'java/lang/invoke/LambdaForm$MH+0x000001b8811a9000'
Event: 32.059 Thread 0x000001b8ec9f32d0 Unloading class 0x000001b8811a8c00 'java/lang/invoke/LambdaForm$MH+0x000001b8811a8c00'
Event: 32.059 Thread 0x000001b8ec9f32d0 Unloading class 0x000001b8811a8800 'java/lang/invoke/LambdaForm$MH+0x000001b8811a8800'
Event: 32.059 Thread 0x000001b8ec9f32d0 Unloading class 0x000001b8811a8400 'java/lang/invoke/LambdaForm$BMH+0x000001b8811a8400'
Event: 32.059 Thread 0x000001b8ec9f32d0 Unloading class 0x000001b8811a8000 'java/lang/invoke/LambdaForm$DMH+0x000001b8811a8000'
Event: 32.059 Thread 0x000001b8ec9f32d0 Unloading class 0x000001b8811a6c00 'java/lang/invoke/LambdaForm$DMH+0x000001b8811a6c00'
Event: 87.250 Thread 0x000001b8ec9f32d0 Unloading class 0x000001b8817ad000 'java/lang/invoke/LambdaForm$DMH+0x000001b8817ad000'
Event: 87.250 Thread 0x000001b8ec9f32d0 Unloading class 0x000001b8817acc00 'java/lang/invoke/LambdaForm$DMH+0x000001b8817acc00'
Event: 87.250 Thread 0x000001b8ec9f32d0 Unloading class 0x000001b8817ac400 'java/lang/invoke/LambdaForm$DMH+0x000001b8817ac400'

Classes redefined (0 events):
No events

Internal exceptions (20 events):
Event: 1077.677 Thread 0x000001b8f57cfcc0 Exception <a 'java/lang/NoSuchMethodError'{0x00000000d5c46370}: 'java.lang.Object java.lang.invoke.DirectMethodHandle$Holder.newInvokeSpecial(java.lang.Object, java.lang.Object, int, java.lang.Object, java.lang.Object, java.lang.Object, java.lang.Object)'> (0x00000000d5c46370) 
thrown [s\src\hotspot\share\interpreter\linkResolver.cpp, line 773]
Event: 1088.856 Thread 0x000001b8f57ce280 Exception <a 'java/lang/NoSuchMethodError'{0x00000000d595d648}: 'long java.lang.invoke.DirectMethodHandle$Holder.invokeSpecial(java.lang.Object, java.lang.Object, java.lang.Object, int, int)'> (0x00000000d595d648) 
thrown [s\src\hotspot\share\interpreter\linkResolver.cpp, line 773]
Event: 1088.858 Thread 0x000001b8f57ce280 Exception <a 'java/lang/NoSuchMethodError'{0x00000000d59687e0}: 'java.lang.Object java.lang.invoke.Invokers$Holder.linkToTargetMethod(java.lang.Object, int, int, java.lang.Object)'> (0x00000000d59687e0) 
thrown [s\src\hotspot\share\interpreter\linkResolver.cpp, line 773]
Event: 1088.893 Thread 0x000001b8f57ce280 Implicit null exception at 0x000001b8e00a6c03 to 0x000001b8e00a6c38
Event: 1089.121 Thread 0x000001b8f57ce280 Exception <a 'java/lang/NoSuchMethodError'{0x00000000d55ca128}: 'int java.lang.invoke.DirectMethodHandle$Holder.invokeSpecial(java.lang.Object, java.lang.Object, java.lang.Object, java.lang.Object, java.lang.Object)'> (0x00000000d55ca128) 
thrown [s\src\hotspot\share\interpreter\linkResolver.cpp, line 773]
Event: 1089.187 Thread 0x000001b8f57cfcc0 Implicit null exception at 0x000001b8e01df198 to 0x000001b8e01dfb08
Event: 1089.368 Thread 0x000001b8f57ce280 Implicit null exception at 0x000001b8e053d9f9 to 0x000001b8e053ebd2
Event: 1089.473 Thread 0x000001b8f57cbb20 Exception <a 'java/lang/IncompatibleClassChangeError'{0x00000000d5967c20}: Found class java.lang.Object, but interface was expected> (0x00000000d5967c20) 
thrown [s\src\hotspot\share\interpreter\linkResolver.cpp, line 840]
Event: 1089.805 Thread 0x000001b8f57cfcc0 Exception <a 'java/lang/NoSuchMethodError'{0x00000000d58be358}: 'int java.lang.invoke.DirectMethodHandle$Holder.invokeStaticInit(java.lang.Object, int)'> (0x00000000d58be358) 
thrown [s\src\hotspot\share\interpreter\linkResolver.cpp, line 773]
Event: 1090.013 Thread 0x000001b8f6004120 Exception <a 'java/lang/NoSuchMethodError'{0x00000000d5abf1c0}: 'java.lang.Object java.lang.invoke.DirectMethodHandle$Holder.invokeStatic(java.lang.Object, int, int, java.lang.Object)'> (0x00000000d5abf1c0) 
thrown [s\src\hotspot\share\interpreter\linkResolver.cpp, line 773]
Event: 1090.141 Thread 0x000001b8f57ce280 Implicit null exception at 0x000001b8e08d338b to 0x000001b8e08d3fc0
Event: 1090.142 Thread 0x000001b8f57ce280 Implicit null exception at 0x000001b8e08d599b to 0x000001b8e08d62dc
Event: 1685.235 Thread 0x000001b8f4051320 Exception <a 'sun/nio/fs/WindowsException'{0x00000000d597b440}> (0x00000000d597b440) 
thrown [s\src\hotspot\share\prims\jni.cpp, line 520]
Event: 1685.796 Thread 0x000001b8f4051320 Exception <a 'sun/nio/fs/WindowsException'{0x00000000d56e6788}> (0x00000000d56e6788) 
thrown [s\src\hotspot\share\prims\jni.cpp, line 520]
Event: 1985.257 Thread 0x000001b8f5e1aaa0 Exception <a 'sun/nio/fs/WindowsException'{0x00000000d576ec80}> (0x00000000d576ec80) 
thrown [s\src\hotspot\share\prims\jni.cpp, line 520]
Event: 1985.260 Thread 0x000001b8f5e1aaa0 Exception <a 'sun/nio/fs/WindowsException'{0x00000000d5770238}> (0x00000000d5770238) 
thrown [s\src\hotspot\share\prims\jni.cpp, line 520]
Event: 2011.222 Thread 0x000001b8c340f200 Implicit null exception at 0x000001b8e10acd80 to 0x000001b8e10af54c
Event: 2017.624 Thread 0x000001b8c340f200 Implicit null exception at 0x000001b8e1180273 to 0x000001b8e1187b6c
Event: 2024.722 Thread 0x000001b8c3414750 Exception <a 'java/lang/NoSuchMethodError'{0x00000000d55cb630}: 'void java.lang.invoke.DirectMethodHandle$Holder.invokeSpecial(java.lang.Object, java.lang.Object, int)'> (0x00000000d55cb630) 
thrown [s\src\hotspot\share\interpreter\linkResolver.cpp, line 773]
Event: 2024.900 Thread 0x000001b8c3414750 Exception <a 'java/lang/NoSuchMethodError'{0x00000000d59edb08}: 'int java.lang.invoke.DirectMethodHandle$Holder.invokeVirtual(java.lang.Object, java.lang.Object, java.lang.Object, int)'> (0x00000000d59edb08) 
thrown [s\src\hotspot\share\interpreter\linkResolver.cpp, line 773]

ZGC Phase Switch (0 events):
No events

VM Operations (20 events):
Event: 5592.564 Executing non-safepoint VM operation: HandshakeAllThreads (HandshakeForDeflation)
Event: 5592.570 Executing non-safepoint VM operation: HandshakeAllThreads (HandshakeForDeflation) done
Event: 5592.570 Executing non-safepoint VM operation: RendezvousGCThreads
Event: 5592.570 Executing non-safepoint VM operation: RendezvousGCThreads done
Event: 5652.690 Executing non-safepoint VM operation: HandshakeAllThreads (HandshakeForDeflation)
Event: 5652.695 Executing non-safepoint VM operation: HandshakeAllThreads (HandshakeForDeflation) done
Event: 5652.695 Executing non-safepoint VM operation: RendezvousGCThreads
Event: 5652.695 Executing non-safepoint VM operation: RendezvousGCThreads done
Event: 5772.924 Executing non-safepoint VM operation: HandshakeAllThreads (HandshakeForDeflation)
Event: 5772.931 Executing non-safepoint VM operation: HandshakeAllThreads (HandshakeForDeflation) done
Event: 5772.931 Executing non-safepoint VM operation: RendezvousGCThreads
Event: 5772.931 Executing non-safepoint VM operation: RendezvousGCThreads done
Event: 5833.068 Executing non-safepoint VM operation: HandshakeAllThreads (HandshakeForDeflation)
Event: 5833.074 Executing non-safepoint VM operation: HandshakeAllThreads (HandshakeForDeflation) done
Event: 5833.074 Executing non-safepoint VM operation: RendezvousGCThreads
Event: 5833.074 Executing non-safepoint VM operation: RendezvousGCThreads done
Event: 5893.105 Executing non-safepoint VM operation: HandshakeAllThreads (HandshakeForDeflation)
Event: 5893.113 Executing non-safepoint VM operation: HandshakeAllThreads (HandshakeForDeflation) done
Event: 5893.113 Executing non-safepoint VM operation: RendezvousGCThreads
Event: 5893.113 Executing non-safepoint VM operation: RendezvousGCThreads done

Memory protections (0 events):
No events

Nmethod flushes (20 events):
Event: 472.084 Thread 0x000001b8ec9f32d0 flushing  nmethod 0x000001b8da3a1a90
Event: 472.084 Thread 0x000001b8ec9f32d0 flushing  nmethod 0x000001b8da3a2a10
Event: 472.084 Thread 0x000001b8ec9f32d0 flushing  nmethod 0x000001b8da3a4010
Event: 472.084 Thread 0x000001b8ec9f32d0 flushing  nmethod 0x000001b8da3a4810
Event: 472.084 Thread 0x000001b8ec9f32d0 flushing  nmethod 0x000001b8da3adc90
Event: 472.084 Thread 0x000001b8ec9f32d0 flushing  nmethod 0x000001b8da3b0890
Event: 472.084 Thread 0x000001b8ec9f32d0 flushing  nmethod 0x000001b8da3b0e90
Event: 472.084 Thread 0x000001b8ec9f32d0 flushing  nmethod 0x000001b8da3b2d90
Event: 472.084 Thread 0x000001b8ec9f32d0 flushing  nmethod 0x000001b8da3b7c90
Event: 472.084 Thread 0x000001b8ec9f32d0 flushing  nmethod 0x000001b8da3caf90
Event: 472.084 Thread 0x000001b8ec9f32d0 flushing  nmethod 0x000001b8da3d6390
Event: 472.084 Thread 0x000001b8ec9f32d0 flushing  nmethod 0x000001b8da3fa490
Event: 472.084 Thread 0x000001b8ec9f32d0 flushing  nmethod 0x000001b8da3fbe90
Event: 472.084 Thread 0x000001b8ec9f32d0 flushing  nmethod 0x000001b8da417990
Event: 472.084 Thread 0x000001b8ec9f32d0 flushing  nmethod 0x000001b8da418b90
Event: 472.084 Thread 0x000001b8ec9f32d0 flushing  nmethod 0x000001b8da520790
Event: 472.084 Thread 0x000001b8ec9f32d0 flushing  nmethod 0x000001b8da523e90
Event: 472.084 Thread 0x000001b8ec9f32d0 flushing  nmethod 0x000001b8da56c410
Event: 472.084 Thread 0x000001b8ec9f32d0 flushing  nmethod 0x000001b8da56c910
Event: 472.084 Thread 0x000001b8ec9f32d0 flushing  nmethod 0x000001b8da5bb110

Events (20 events):
Event: 3529.166 Thread 0x000001b8c1e09920 Thread exited: 0x000001b8c1e09920
Event: 3611.894 Thread 0x000001b8f5fff8f0 Thread exited: 0x000001b8f5fff8f0
Event: 3634.740 Thread 0x000001b8f57cbb20 Thread added: 0x000001b8f5fff8f0
Event: 3634.744 Thread 0x000001b8f5fff8f0 Thread added: 0x000001b8f6005b60
Event: 3672.115 Thread 0x000001b8f6000ca0 Thread exited: 0x000001b8f6000ca0
Event: 3694.754 Thread 0x000001b8f6002d70 Thread exited: 0x000001b8f6002d70
Event: 3731.990 Thread 0x000001b8f6006f10 Thread exited: 0x000001b8f6006f10
Event: 3754.750 Thread 0x000001b8f6002050 Thread exited: 0x000001b8f6002050
Event: 3792.020 Thread 0x000001b8f60054d0 Thread exited: 0x000001b8f60054d0
Event: 3852.027 Thread 0x000001b8f6004120 Thread exited: 0x000001b8f6004120
Event: 4062.185 Thread 0x000001b8f57cbb20 Thread added: 0x000001b8f6002050
Event: 4063.567 Thread 0x000001b8eca35520 Thread added: 0x000001b8c1e09920
Event: 4068.662 Thread 0x000001b8c1e09920 Thread exited: 0x000001b8c1e09920
Event: 4122.707 Thread 0x000001b8f5fff8f0 Thread exited: 0x000001b8f5fff8f0
Event: 4241.572 Thread 0x000001b8f6005b60 Thread added: 0x000001b8f6002d70
Event: 4361.610 Thread 0x000001b8f6002050 Thread exited: 0x000001b8f6002050
Event: 4550.107 Thread 0x000001b8f57cbb20 Thread added: 0x000001b8f6002050
Event: 4610.705 Thread 0x000001b8f6002d70 Thread exited: 0x000001b8f6002d70
Event: 4729.825 Thread 0x000001b8f57cbb20 Thread added: 0x000001b8f6002d70
Event: 4892.215 Thread 0x000001b8f6002050 Thread exited: 0x000001b8f6002050


Dynamic libraries:
0x00007ff732a30000 - 0x00007ff732a3e000 	c:\Users\User\.vscode\extensions\redhat.java-1.54.0-win32-x64\jre\21.0.10-win32-x86_64\bin\java.exe
0x00007fffa9440000 - 0x00007fffa96a7000 	C:\WINDOWS\SYSTEM32\ntdll.dll
0x00007fffa8300000 - 0x00007fffa83c9000 	C:\WINDOWS\System32\KERNEL32.DLL
0x00007fffa6c50000 - 0x00007fffa7044000 	C:\WINDOWS\System32\KERNELBASE.dll
0x00007fffa5d10000 - 0x00007fffa5e5b000 	C:\WINDOWS\System32\ucrtbase.dll
0x00007fff78ac0000 - 0x00007fff78ade000 	c:\Users\User\.vscode\extensions\redhat.java-1.54.0-win32-x64\jre\21.0.10-win32-x86_64\bin\VCRUNTIME140.dll
0x00007fff4e170000 - 0x00007fff4e188000 	c:\Users\User\.vscode\extensions\redhat.java-1.54.0-win32-x64\jre\21.0.10-win32-x86_64\bin\jli.dll
0x00007fffa9080000 - 0x00007fffa9245000 	C:\WINDOWS\System32\USER32.dll
0x00007fffa4fa0000 - 0x00007fffa5233000 	C:\WINDOWS\WinSxS\amd64_microsoft.windows.common-controls_6595b64144ccf1df_6.0.26100.8115_none_3e075c82e3354f9c\COMCTL32.dll
0x00007fffa7b70000 - 0x00007fffa7c19000 	C:\WINDOWS\System32\msvcrt.dll
0x00007fffa6ab0000 - 0x00007fffa6ad7000 	C:\WINDOWS\System32\win32u.dll
0x00007fffa8ce0000 - 0x00007fffa8d0b000 	C:\WINDOWS\System32\GDI32.dll
0x00007fffa6810000 - 0x00007fffa693b000 	C:\WINDOWS\System32\gdi32full.dll
0x00007fffa6a00000 - 0x00007fffa6aa3000 	C:\WINDOWS\System32\msvcp_win.dll
0x00007fffa9040000 - 0x00007fffa9072000 	C:\WINDOWS\System32\IMM32.DLL
0x00007fff9e150000 - 0x00007fff9e15c000 	c:\Users\User\.vscode\extensions\redhat.java-1.54.0-win32-x64\jre\21.0.10-win32-x86_64\bin\vcruntime140_1.dll
0x00007fff4a630000 - 0x00007fff4a6bd000 	c:\Users\User\.vscode\extensions\redhat.java-1.54.0-win32-x64\jre\21.0.10-win32-x86_64\bin\msvcp140.dll
0x00007ffed5650000 - 0x00007ffed63f1000 	c:\Users\User\.vscode\extensions\redhat.java-1.54.0-win32-x64\jre\21.0.10-win32-x86_64\bin\server\jvm.dll
0x00007fffa7c20000 - 0x00007fffa7cd6000 	C:\WINDOWS\System32\ADVAPI32.dll
0x00007fffa8c20000 - 0x00007fffa8cc7000 	C:\WINDOWS\System32\sechost.dll
0x00007fffa7ce0000 - 0x00007fffa7df8000 	C:\WINDOWS\System32\RPCRT4.dll
0x00007fffa81f0000 - 0x00007fffa8270000 	C:\WINDOWS\System32\WS2_32.dll
0x00007fff9ae90000 - 0x00007fff9ae9b000 	C:\WINDOWS\SYSTEM32\VERSION.dll
0x00007fffa24b0000 - 0x00007fffa24e6000 	C:\WINDOWS\SYSTEM32\WINMM.dll
0x00007fffa5570000 - 0x00007fffa55ce000 	C:\WINDOWS\SYSTEM32\POWRPROF.dll
0x00007fffa5440000 - 0x00007fffa5454000 	C:\WINDOWS\SYSTEM32\UMPDC.dll
0x00007fffa4160000 - 0x00007fffa417b000 	C:\WINDOWS\SYSTEM32\kernel.appcore.dll
0x00007fff80430000 - 0x00007fff8043a000 	c:\Users\User\.vscode\extensions\redhat.java-1.54.0-win32-x64\jre\21.0.10-win32-x86_64\bin\jimage.dll
0x00007fffa55e0000 - 0x00007fffa5822000 	C:\WINDOWS\SYSTEM32\DBGHELP.DLL
0x00007fffa72c0000 - 0x00007fffa7642000 	C:\WINDOWS\System32\combase.dll
0x00007fffa83d0000 - 0x00007fffa84a8000 	C:\WINDOWS\System32\OLEAUT32.dll
0x00007fffa5460000 - 0x00007fffa549b000 	C:\WINDOWS\SYSTEM32\dbgcore.DLL
0x00007fffa5ef0000 - 0x00007fffa5f95000 	C:\WINDOWS\System32\bcryptPrimitives.dll
0x00007fff7f340000 - 0x00007fff7f34f000 	c:\Users\User\.vscode\extensions\redhat.java-1.54.0-win32-x64\jre\21.0.10-win32-x86_64\bin\instrument.dll
0x00007fff4d2d0000 - 0x00007fff4d2f0000 	c:\Users\User\.vscode\extensions\redhat.java-1.54.0-win32-x64\jre\21.0.10-win32-x86_64\bin\java.dll
0x00007fffa84b0000 - 0x00007fffa8c17000 	C:\WINDOWS\System32\SHELL32.dll
0x00007fffa6ae0000 - 0x00007fffa6c4a000 	C:\WINDOWS\System32\wintypes.dll
0x00007fffa5fa0000 - 0x00007fffa6808000 	C:\WINDOWS\System32\windows.storage.dll
0x00007fffa8e30000 - 0x00007fffa8f28000 	C:\WINDOWS\System32\SHCORE.dll
0x00007fffa8180000 - 0x00007fffa81e6000 	C:\WINDOWS\System32\shlwapi.dll
0x00007fffa5c30000 - 0x00007fffa5c59000 	C:\WINDOWS\SYSTEM32\profapi.dll
0x00007fff4a800000 - 0x00007fff4a818000 	c:\Users\User\.vscode\extensions\redhat.java-1.54.0-win32-x64\jre\21.0.10-win32-x86_64\bin\zip.dll
0x00007fff7f2c0000 - 0x00007fff7f2d0000 	C:\Users\User\.vscode\extensions\redhat.java-1.54.0-win32-x64\jre\21.0.10-win32-x86_64\bin\net.dll
0x00007fff9f470000 - 0x00007fff9f59d000 	C:\WINDOWS\SYSTEM32\WINHTTP.dll
0x00007fffa46d0000 - 0x00007fffa473c000 	C:\WINDOWS\system32\mswsock.dll
0x00007fff4a7e0000 - 0x00007fff4a7f6000 	C:\Users\User\.vscode\extensions\redhat.java-1.54.0-win32-x64\jre\21.0.10-win32-x86_64\bin\nio.dll
0x00007fff79bd0000 - 0x00007fff79be0000 	c:\Users\User\.vscode\extensions\redhat.java-1.54.0-win32-x64\jre\21.0.10-win32-x86_64\bin\verify.dll
0x00007fff27ed0000 - 0x00007fff27f15000 	C:\Users\User\AppData\Roaming\Code\User\globalStorage\redhat.java\1.54.0\config_win\org.eclipse.equinox.launcher\org.eclipse.equinox.launcher.win32.win32.x86_64_1.3.0.v20260203-2149\eclipse_11919.dll
0x00007fffa7e00000 - 0x00007fffa7f97000 	C:\WINDOWS\System32\ole32.dll
0x00007fff6d810000 - 0x00007fff6d90a000 	C:\Program Files\Topaz OFD\Warsaw\wslbscrwh64.dll
0x00007fffa5530000 - 0x00007fffa5566000 	C:\WINDOWS\SYSTEM32\ntmarta.dll
0x00007fffa5950000 - 0x00007fffa596b000 	C:\WINDOWS\SYSTEM32\CRYPTSP.dll
0x00007fffa4ba0000 - 0x00007fffa4bd9000 	C:\WINDOWS\system32\rsaenh.dll
0x00007fffa4740000 - 0x00007fffa4773000 	C:\WINDOWS\SYSTEM32\USERENV.dll
0x00007fffa5c00000 - 0x00007fffa5c2a000 	C:\WINDOWS\SYSTEM32\bcrypt.dll
0x00007fffa4b90000 - 0x00007fffa4b9c000 	C:\WINDOWS\SYSTEM32\CRYPTBASE.dll
0x00007fffa3c30000 - 0x00007fffa3c62000 	C:\WINDOWS\SYSTEM32\IPHLPAPI.DLL
0x00007fffa9250000 - 0x00007fffa925a000 	C:\WINDOWS\System32\NSI.dll
0x00007fff2e440000 - 0x00007fff2e489000 	C:\Users\User\AppData\Local\Temp\jna-2645995\jna14665129342715660289.dll
0x00007fffa7650000 - 0x00007fffa7658000 	C:\WINDOWS\System32\PSAPI.DLL
0x00007fff9f700000 - 0x00007fff9f71d000 	C:\WINDOWS\SYSTEM32\dhcpcsvc6.DLL
0x00007fff9f640000 - 0x00007fff9f665000 	C:\WINDOWS\SYSTEM32\dhcpcsvc.DLL
0x00007fff6d910000 - 0x00007fff6da2a000 	C:\Program Files\Topaz OFD\Warsaw\wslbscr64.dll

JVMTI agents:
c:\Users\User\.vscode\extensions\redhat.java-1.54.0-win32-x64\lombok\lombok-1.18.39-4050.jar path:c:\Users\User\.vscode\extensions\redhat.java-1.54.0-win32-x64\jre\21.0.10-win32-x86_64\bin\instrument.dll, loaded, initialized, instrumentlib options:none

dbghelp: loaded successfully - version: 4.0.5 - missing functions: none
symbol engine: initialized successfully - sym options: 0x614 - pdb path: .;c:\Users\User\.vscode\extensions\redhat.java-1.54.0-win32-x64\jre\21.0.10-win32-x86_64\bin;C:\WINDOWS\SYSTEM32;C:\WINDOWS\WinSxS\amd64_microsoft.windows.common-controls_6595b64144ccf1df_6.0.26100.8115_none_3e075c82e3354f9c;c:\Users\User\.vscode\extensions\redhat.java-1.54.0-win32-x64\jre\21.0.10-win32-x86_64\bin\server;C:\Users\User\AppData\Roaming\Code\User\globalStorage\redhat.java\1.54.0\config_win\org.eclipse.equinox.launcher\org.eclipse.equinox.launcher.win32.win32.x86_64_1.3.0.v20260203-2149;C:\Program Files\Topaz OFD\Warsaw;C:\Users\User\AppData\Local\Temp\jna-2645995

VM Arguments:
jvm_args: --add-modules=ALL-SYSTEM --add-opens=java.base/java.util=ALL-UNNAMED --add-opens=java.base/java.lang=ALL-UNNAMED --add-opens=java.base/sun.nio.fs=ALL-UNNAMED -Declipse.application=org.eclipse.jdt.ls.core.id1 -Dosgi.bundles.defaultStartLevel=4 -Declipse.product=org.eclipse.jdt.ls.core.product -Djava.import.generatesMetadataFilesAtProjectRoot=false -DDetectVMInstallationsJob.disabled=true -Dfile.encoding=utf8 -XX:+UseParallelGC -XX:GCTimeRatio=4 -XX:AdaptiveSizePolicyWeight=90 -Dsun.zip.disableMemoryMapping=true -Xmx2G -Xms100m -Xlog:disable -javaagent:c:\Users\User\.vscode\extensions\redhat.java-1.54.0-win32-x64\lombok\lombok-1.18.39-4050.jar -XX:+HeapDumpOnOutOfMemoryError -XX:HeapDumpPath=c:\Users\User\AppData\Roaming\Code\User\workspaceStorage\8439e0263cc7519ca35418cef012e812\redhat.java -Daether.dependencyCollector.impl=bf 
java_command: c:\Users\User\.vscode\extensions\redhat.java-1.54.0-win32-x64\server\plugins\org.eclipse.equinox.launcher_1.7.100.v20251111-0406.jar -configuration c:\Users\User\AppData\Roaming\Code\User\globalStorage\redhat.java\1.54.0\config_win -data c:\Users\User\AppData\Roaming\Code\User\workspaceStorage\8439e0263cc7519ca35418cef012e812\redhat.java\jdt_ws --pipe=\\.\pipe\lsp-3f284067006c31ae678b2244348da04a-sock
java_class_path (initial): c:\Users\User\.vscode\extensions\redhat.java-1.54.0-win32-x64\server\plugins\org.eclipse.equinox.launcher_1.7.100.v20251111-0406.jar
Launcher Type: SUN_STANDARD

[Global flags]
    uintx AdaptiveSizePolicyWeight                 = 90                                        {product} {command line}
     intx CICompilerCount                          = 12                                        {product} {ergonomic}
    uintx GCTimeRatio                              = 4                                         {product} {command line}
     bool HeapDumpOnOutOfMemoryError               = true                                   {manageable} {command line}
    ccstr HeapDumpPath                             = c:\Users\User\AppData\Roaming\Code\User\workspaceStorage\8439e0263cc7519ca35418cef012e812\redhat.java         {manageable} {command line}
   size_t InitialHeapSize                          = 104857600                                 {product} {command line}
   size_t MaxHeapSize                              = 2147483648                                {product} {command line}
   size_t MaxNewSize                               = 715653120                                 {product} {ergonomic}
   size_t MinHeapDeltaBytes                        = 524288                                    {product} {ergonomic}
   size_t MinHeapSize                              = 104857600                                 {product} {command line}
   size_t NewSize                                  = 34603008                                  {product} {ergonomic}
    uintx NonNMethodCodeHeapSize                   = 7602480                                {pd product} {ergonomic}
    uintx NonProfiledCodeHeapSize                  = 122027880                              {pd product} {ergonomic}
   size_t OldSize                                  = 70254592                                  {product} {ergonomic}
    uintx ProfiledCodeHeapSize                     = 122027880                              {pd product} {ergonomic}
    uintx ReservedCodeCacheSize                    = 251658240                              {pd product} {ergonomic}
     bool SegmentedCodeCache                       = true                                      {product} {ergonomic}
   size_t SoftMaxHeapSize                          = 2147483648                             {manageable} {ergonomic}
     bool UseCompressedOops                        = true                           {product lp64_product} {ergonomic}
     bool UseLargePagesIndividualAllocation        = false                                  {pd product} {ergonomic}
     bool UseParallelGC                            = true                                      {product} {command line}

Logging:
Log output configuration:
 #0: stdout all=off uptime,level,tags foldmultilines=false
 #1: stderr all=off uptime,level,tags foldmultilines=false

Release file:
JAVA_VERSION="21.0.10" 
MODULES="java.base java.compiler java.datatransfer java.xml java.prefs java.desktop java.instrument java.logging java.management java.security.sasl java.naming java.rmi java.management.rmi java.net.http java.scripting java.security.jgss java.transaction.xa java.sql java.sql.rowset java.xml.crypto java.se java.smartcardio jdk.accessibility jdk.internal.jvmstat jdk.attach jdk.charsets jdk.internal.opt jdk.zipfs jdk.compiler jdk.crypto.ec jdk.crypto.cryptoki jdk.crypto.mscapi jdk.dynalink jdk.internal.ed jdk.editpad jdk.hotspot.agent jdk.httpserver jdk.internal.le jdk.internal.vm.ci jdk.internal.vm.compiler jdk.internal.vm.compiler.management jdk.jartool jdk.javadoc jdk.jcmd jdk.management jdk.management.agent jdk.jconsole jdk.jdeps jdk.jdwp.agent jdk.jdi jdk.jfr jdk.jshell jdk.jsobject jdk.jstatd jdk.localedata jdk.management.jfr jdk.naming.dns jdk.naming.rmi jdk.net jdk.nio.mapmode jdk.random jdk.sctp jdk.security.auth jdk.security.jgss jdk.unsupported jdk.unsupported.desktop jdk.xml.dom" 

Environment Variables:
JAVA_HOME=C:\Program Files\Java\jdk-25.0.2
PATH=C:\Users\User\AppData\Local\Programs\Microsoft VS Code;C:\Program Files\Common Files\Oracle\Java\javapath;C:\WINDOWS\system32;C:\WINDOWS;C:\WINDOWS\System32\Wbem;C:\WINDOWS\System32\WindowsPowerShell\v1.0\;C:\WINDOWS\System32\OpenSSH\;C:\Program Files\dotnet\;C:\Program Files (x86)\NVIDIA Corporation\PhysX\Common;C:\Program Files\Git\cmd;C:\Supabase;C:\Program Files (x86)\Windows Kits\10\Windows Performance Toolkit\;C:\WINDOWS\system32;C:\WINDOWS;C:\WINDOWS\System32\Wbem;C:\WINDOWS\System32\WindowsPowerShell\v1.0\;C:\WINDOWS\System32\OpenSSH\;C:\Program Files\k6\;C:\Program Files\Docker\Docker\resources\bin;C:\Program Files\nodejs\;C:\Users\User\AppData\Local\Programs\Python\Python313\Scripts\;C:\Users\User\AppData\Local\Programs\Python\Python313\;C:\Users\User\AppData\Local\Programs\Python\Launcher\;C:\Users\User\.local\bin;C:\Users\User\scoop\shims;C:\Program Files\MySQL\MySQL Shell 8.0\bin\;C:\Users\User\AppData\Local\Microsoft\WindowsApps;C:\Program Files\Java\jdk-25.0.2;C:\Program Files\Maven\apache-maven-3.9.11\bin;C:\Users\User\.dotnet\tools;C:\Users\User\AppData\Local\Programs\Microsoft VS Code\bin;C:\Users\User\.deno\bin;C:\Users\User\.dotnet\tools;C:\develop\flutter\bin;C:\Users\User\AppData\Local\Microsoft\WindowsApps;C:\Users\User\.local\bin;C:\Users\User\AppData\Roaming\npm
USERNAME=User
OS=Windows_NT
PROCESSOR_IDENTIFIER=Intel64 Family 6 Model 183 Stepping 1, GenuineIntel
TMP=C:\Users\User\AppData\Local\Temp
TEMP=C:\Users\User\AppData\Local\Temp




Periodic native trim disabled

---------------  S Y S T E M  ---------------

OS:
 Windows 11 , 64 bit Build 26100 (10.0.26100.8246)
OS uptime: 0 days 9:45 hours
Hyper-V role detected

CPU: total 16 (initial active 16) (8 cores per cpu, 2 threads per core) family 6 model 183 stepping 1 microcode 0x133, cx8, cmov, fxsr, ht, mmx, 3dnowpref, sse, sse2, sse3, ssse3, sse4.1, sse4.2, popcnt, lzcnt, tsc, tscinvbit, avx, avx2, aes, erms, clmul, bmi1, bmi2, adx, sha, fma, vzeroupper, clflush, clflushopt, clwb, hv, serialize, rdtscp, rdpid, fsrm, f16c, cet_ibt, cet_ss
Processor Information for processor 0
  Max Mhz: 2400, Current Mhz: 2400, Mhz Limit: 2400
Processor Information for processor 1
  Max Mhz: 2400, Current Mhz: 2400, Mhz Limit: 2400
Processor Information for processor 2
  Max Mhz: 2400, Current Mhz: 2400, Mhz Limit: 2400
Processor Information for processor 3
  Max Mhz: 2400, Current Mhz: 2400, Mhz Limit: 2400
Processor Information for processor 4
  Max Mhz: 2400, Current Mhz: 2400, Mhz Limit: 2400
Processor Information for processor 5
  Max Mhz: 2400, Current Mhz: 2400, Mhz Limit: 2400
Processor Information for processor 6
  Max Mhz: 2400, Current Mhz: 2400, Mhz Limit: 2400
Processor Information for processor 7
  Max Mhz: 2400, Current Mhz: 2400, Mhz Limit: 2400
Processor Information for processor 8
  Max Mhz: 2400, Current Mhz: 2400, Mhz Limit: 2400
Processor Information for processor 9
  Max Mhz: 2400, Current Mhz: 2400, Mhz Limit: 2400
Processor Information for processor 10
  Max Mhz: 2400, Current Mhz: 2400, Mhz Limit: 2400
Processor Information for processor 11
  Max Mhz: 2400, Current Mhz: 2400, Mhz Limit: 2400
Processor Information for processor 12
  Max Mhz: 2400, Current Mhz: 1466, Mhz Limit: 2400
Processor Information for processor 13
  Max Mhz: 2400, Current Mhz: 2400, Mhz Limit: 2400
Processor Information for processor 14
  Max Mhz: 2400, Current Mhz: 2400, Mhz Limit: 2400
Processor Information for processor 15
  Max Mhz: 2400, Current Mhz: 2400, Mhz Limit: 2400

Memory: 4k page, system-wide physical 7876M (433M free)
TotalPageFile size 32452M (AvailPageFile size 45M)
current process WorkingSet (physical memory assigned to process): 8M, peak: 631M
current process commit charge ("private bytes"): 1106M, peak: 1109M

vm_info: OpenJDK 64-Bit Server VM (21.0.10+7-LTS) for windows-amd64 JRE (21.0.10+7-LTS), built on 2026-01-20T00:00:00Z by "admin" with MS VC++ 17.12 (VS2022)

END.
