#
# There is insufficient memory for the Java Runtime Environment to continue.
# Native memory allocation (malloc) failed to allocate 1082496 bytes. Error detail: Chunk::new
# Possible reasons:
#   The system is out of physical RAM or swap space
#   This process is running with CompressedOops enabled, and the Java Heap may be blocking the growth of the native heap
# Possible solutions:
#   Reduce memory load on the system
#   Increase physical memory or swap space
#   Check if swap backing store is full
#   Decrease Java heap size (-Xmx/-Xms)
#   Decrease number of Java threads
#   Decrease Java thread stack sizes (-Xss)
#   Set larger code cache with -XX:ReservedCodeCacheSize=
#   JVM is running with Unscaled Compressed Oops mode in which the Java heap is
#     placed in the first 4GB address space. The Java Heap base address is the
#     maximum limit for the native heap growth. Please use -XX:HeapBaseMinAddress
#     to set the Java Heap base and to place the Java Heap above 4GB virtual address.
# This output file may be truncated or incomplete.
#
#  Out of Memory Error (arena.cpp:168), pid=4424, tid=33632
#
# JRE version: OpenJDK Runtime Environment Temurin-21.0.10+7 (21.0.10+7) (build 21.0.10+7-LTS)
# Java VM: OpenJDK 64-Bit Server VM Temurin-21.0.10+7 (21.0.10+7-LTS, mixed mode, sharing, tiered, compressed oops, compressed class ptrs, parallel gc, windows-amd64)
# No core dump will be written. Minidumps are not enabled by default on client versions of Windows
#

---------------  S U M M A R Y ------------

Command Line: --add-modules=ALL-SYSTEM --add-opens=java.base/java.util=ALL-UNNAMED --add-opens=java.base/java.lang=ALL-UNNAMED --add-opens=java.base/sun.nio.fs=ALL-UNNAMED -Declipse.application=org.eclipse.jdt.ls.core.id1 -Dosgi.bundles.defaultStartLevel=4 -Declipse.product=org.eclipse.jdt.ls.core.product -Djava.import.generatesMetadataFilesAtProjectRoot=false -DDetectVMInstallationsJob.disabled=true -Dfile.encoding=utf8 -XX:+UseParallelGC -XX:GCTimeRatio=4 -XX:AdaptiveSizePolicyWeight=90 -Dsun.zip.disableMemoryMapping=true -Xmx2G -Xms100m -Xlog:disable -javaagent:c:\Users\User\.vscode\extensions\redhat.java-1.54.0-win32-x64\lombok\lombok-1.18.39-4050.jar -XX:+HeapDumpOnOutOfMemoryError -XX:HeapDumpPath=c:\Users\User\AppData\Roaming\Code\User\workspaceStorage\8439e0263cc7519ca35418cef012e812\redhat.java -Daether.dependencyCollector.impl=bf c:\Users\User\.vscode\extensions\redhat.java-1.54.0-win32-x64\server\plugins\org.eclipse.equinox.launcher_1.7.100.v20251111-0406.jar -configuration c:\Users\User\AppData\Roaming\Code\User\globalStorage\redhat.java\1.54.0\config_win -data c:\Users\User\AppData\Roaming\Code\User\workspaceStorage\8439e0263cc7519ca35418cef012e812\redhat.java\jdt_ws --pipe=\\.\pipe\lsp-6aef027e29749c56eba7c56fabb07d19-sock

Host: 13th Gen Intel(R) Core(TM) i5-13450HX, 16 cores, 7G,  Windows 11 , 64 bit Build 26100 (10.0.26100.8246)
Time: Thu Apr 30 11:27:57 2026 Hora oficial do Brasil elapsed time: 74.088406 seconds (0d 0h 1m 14s)

---------------  T H R E A D  ---------------

Current thread (0x000001bf0e3a1990):  JavaThread "C2 CompilerThread0" daemon [_thread_in_native, id=33632, stack(0x000000560cf00000,0x000000560d000000) (1024K)]


Current CompileTask:
C2:74102 8630       4       java.lang.invoke.MethodType::makeImpl (109 bytes)

Stack: [0x000000560cf00000,0x000000560d000000]
Native frames: (J=compiled Java code, j=interpreted, Vv=VM code, C=native code)
V  [jvm.dll+0x6d7a39]
V  [jvm.dll+0x8b4b26]
V  [jvm.dll+0x8b70de]
V  [jvm.dll+0x8b77c3]
V  [jvm.dll+0x284346]
V  [jvm.dll+0xc66ed]
V  [jvm.dll+0xc6c31]
V  [jvm.dll+0x2fb29e]
V  [jvm.dll+0x5fe884]
V  [jvm.dll+0x255b17]
V  [jvm.dll+0x255edd]
V  [jvm.dll+0x24e500]
V  [jvm.dll+0x24ba42]
V  [jvm.dll+0x1cb34e]
V  [jvm.dll+0x25b85d]
V  [jvm.dll+0x259dea]
V  [jvm.dll+0x3f857e]
V  [jvm.dll+0x85f59d]
V  [jvm.dll+0x6d626d]
C  [ucrtbase.dll+0x37b0]
C  [KERNEL32.DLL+0x2e8d7]
C  [ntdll.dll+0x8c3fc]


---------------  P R O C E S S  ---------------

Threads class SMR info:
_java_thread_list=0x000001bf14321790, length=62, elements={
0x000001beb2e2a790, 0x000001bf0e394160, 0x000001bf0e394dc0, 0x000001bf0e399df0,
0x000001bf0e39c990, 0x000001bf0e39f530, 0x000001bf0e3a00c0, 0x000001bf0e3a1990,
0x000001bf0e3d4c00, 0x000001bf0e5cf670, 0x000001bf14009960, 0x000001bf14290a30,
0x000001bf142903a0, 0x000001bf14293190, 0x000001bf142910c0, 0x000001bf14293820,
0x000001bf14291750, 0x000001bf14291de0, 0x000001bf14292470, 0x000001bf14292b00,
0x000001bf149a8e00, 0x000001bf144fd900, 0x000001bf149ac280, 0x000001bf149aa840,
0x000001bf149aaed0, 0x000001bf149abbf0, 0x000001bf149ac910, 0x000001bf149a9490,
0x000001bf149acfa0, 0x000001bf149a9b20, 0x000001bf149ad630, 0x000001bf149aa1b0,
0x000001bf149ae9e0, 0x000001bf149b0420, 0x000001bf149adcc0, 0x000001bf149ae350,
0x000001bf149af070, 0x000001bf149af700, 0x000001bf149afd90, 0x000001bf172b9560,
0x000001bf172ba280, 0x000001bf172b8ed0, 0x000001bf172bafa0, 0x000001bf172bbcc0,
0x000001bf172ba910, 0x000001bf172b9bf0, 0x000001bf172b8840, 0x000001bf172bdd90,
0x000001bf172bc9e0, 0x000001bf172bc350, 0x000001bf172bd070, 0x000001bf172bd700,
0x000001bf172be420, 0x000001bf172beab0, 0x000001bf172bb630, 0x000001bf172bfe60,
0x000001bf172bf140, 0x000001bf172bf7d0, 0x000001bf17612150, 0x000001bf17611430,
0x000001bf17611ac0, 0x000001bf17613500
}

Java Threads: ( => current thread )
  0x000001beb2e2a790 JavaThread "main"                              [_thread_blocked, id=25800, stack(0x000000560c500000,0x000000560c600000) (1024K)]
  0x000001bf0e394160 JavaThread "Reference Handler"          daemon [_thread_blocked, id=29864, stack(0x000000560c900000,0x000000560ca00000) (1024K)]
  0x000001bf0e394dc0 JavaThread "Finalizer"                  daemon [_thread_blocked, id=4280, stack(0x000000560ca00000,0x000000560cb00000) (1024K)]
  0x000001bf0e399df0 JavaThread "Signal Dispatcher"          daemon [_thread_blocked, id=3596, stack(0x000000560cb00000,0x000000560cc00000) (1024K)]
  0x000001bf0e39c990 JavaThread "Attach Listener"            daemon [_thread_blocked, id=18416, stack(0x000000560cc00000,0x000000560cd00000) (1024K)]
  0x000001bf0e39f530 JavaThread "Service Thread"             daemon [_thread_blocked, id=27384, stack(0x000000560cd00000,0x000000560ce00000) (1024K)]
  0x000001bf0e3a00c0 JavaThread "Monitor Deflation Thread"   daemon [_thread_blocked, id=35088, stack(0x000000560ce00000,0x000000560cf00000) (1024K)]
=>0x000001bf0e3a1990 JavaThread "C2 CompilerThread0"         daemon [_thread_in_native, id=33632, stack(0x000000560cf00000,0x000000560d000000) (1024K)]
  0x000001bf0e3d4c00 JavaThread "C1 CompilerThread0"         daemon [_thread_blocked, id=32088, stack(0x000000560d000000,0x000000560d100000) (1024K)]
  0x000001bf0e5cf670 JavaThread "Common-Cleaner"             daemon [_thread_blocked, id=15484, stack(0x000000560d200000,0x000000560d300000) (1024K)]
  0x000001bf14009960 JavaThread "Notification Thread"        daemon [_thread_blocked, id=35480, stack(0x000000560d400000,0x000000560d500000) (1024K)]
  0x000001bf14290a30 JavaThread "Active Thread: Equinox Container: 3fdb0ea9-f99e-474c-ba4f-ee914b67c1f3"        [_thread_blocked, id=32904, stack(0x000000560d300000,0x000000560d400000) (1024K)]
  0x000001bf142903a0 JavaThread "Refresh Thread: Equinox Container: 3fdb0ea9-f99e-474c-ba4f-ee914b67c1f3" daemon [_thread_blocked, id=17912, stack(0x000000560d100000,0x000000560d200000) (1024K)]
  0x000001bf14293190 JavaThread "Framework Event Dispatcher: Equinox Container: 3fdb0ea9-f99e-474c-ba4f-ee914b67c1f3" daemon [_thread_blocked, id=24292, stack(0x000000560dc00000,0x000000560dd00000) (1024K)]
  0x000001bf142910c0 JavaThread "Start Level: Equinox Container: 3fdb0ea9-f99e-474c-ba4f-ee914b67c1f3" daemon [_thread_blocked, id=2844, stack(0x000000560dd00000,0x000000560de00000) (1024K)]
  0x000001bf14293820 JavaThread "Bundle File Closer"         daemon [_thread_blocked, id=30140, stack(0x000000560e100000,0x000000560e200000) (1024K)]
  0x000001bf14291750 JavaThread "SCR Component Actor"        daemon [_thread_blocked, id=10296, stack(0x000000560e400000,0x000000560e500000) (1024K)]
  0x000001bf14291de0 JavaThread "Worker-JM"                         [_thread_blocked, id=1272, stack(0x000000560e500000,0x000000560e600000) (1024K)]
  0x000001bf14292470 JavaThread "JNA Cleaner"                daemon [_thread_blocked, id=12184, stack(0x000000560e600000,0x000000560e700000) (1024K)]
  0x000001bf14292b00 JavaThread "Worker-0: Building"                [_thread_in_native, id=25924, stack(0x000000560e700000,0x000000560e800000) (1024K)]
  0x000001bf149a8e00 JavaThread "Worker-1"                          [_thread_blocked, id=19896, stack(0x000000560e800000,0x000000560e900000) (1024K)]
  0x000001bf144fd900 JavaThread "C1 CompilerThread1"         daemon [_thread_blocked, id=36376, stack(0x000000560e900000,0x000000560ea00000) (1024K)]
  0x000001bf149ac280 JavaThread "Worker-2: Initialize workspace"        [_thread_blocked, id=1924, stack(0x000000560ea00000,0x000000560eb00000) (1024K)]
  0x000001bf149aa840 JavaThread "Java indexing"              daemon [_thread_in_native, id=25956, stack(0x000000560eb00000,0x000000560ec00000) (1024K)]
  0x000001bf149aaed0 JavaThread "Thread-1"                   daemon [_thread_in_native, id=33464, stack(0x000000560ef00000,0x000000560f000000) (1024K)]
  0x000001bf149abbf0 JavaThread "Thread-2"                   daemon [_thread_in_native, id=25420, stack(0x000000560f000000,0x000000560f100000) (1024K)]
  0x000001bf149ac910 JavaThread "Thread-3"                   daemon [_thread_in_native, id=33988, stack(0x000000560f100000,0x000000560f200000) (1024K)]
  0x000001bf149a9490 JavaThread "Thread-4"                   daemon [_thread_in_native, id=28776, stack(0x000000560f200000,0x000000560f300000) (1024K)]
  0x000001bf149acfa0 JavaThread "Thread-5"                   daemon [_thread_in_native, id=36308, stack(0x000000560f300000,0x000000560f400000) (1024K)]
  0x000001bf149a9b20 JavaThread "Thread-6"                   daemon [_thread_in_native, id=15412, stack(0x000000560f400000,0x000000560f500000) (1024K)]
  0x000001bf149ad630 JavaThread "Thread-7"                   daemon [_thread_in_native, id=33828, stack(0x000000560f500000,0x000000560f600000) (1024K)]
  0x000001bf149aa1b0 JavaThread "Thread-8"                   daemon [_thread_in_native, id=22776, stack(0x000000560f600000,0x000000560f700000) (1024K)]
  0x000001bf149ae9e0 JavaThread "Thread-9"                   daemon [_thread_in_native, id=23972, stack(0x000000560f700000,0x000000560f800000) (1024K)]
  0x000001bf149b0420 JavaThread "Thread-10"                  daemon [_thread_in_native, id=36640, stack(0x000000560f800000,0x000000560f900000) (1024K)]
  0x000001bf149adcc0 JavaThread "Thread-11"                  daemon [_thread_in_native, id=9276, stack(0x000000560f900000,0x000000560fa00000) (1024K)]
  0x000001bf149ae350 JavaThread "Thread-12"                  daemon [_thread_in_native, id=2380, stack(0x000000560fa00000,0x000000560fb00000) (1024K)]
  0x000001bf149af070 JavaThread "Thread-13"                  daemon [_thread_in_native, id=32580, stack(0x000000560fb00000,0x000000560fc00000) (1024K)]
  0x000001bf149af700 JavaThread "Thread-14"                  daemon [_thread_in_native, id=20136, stack(0x000000560fc00000,0x000000560fd00000) (1024K)]
  0x000001bf149afd90 JavaThread "Thread-15"                  daemon [_thread_in_native, id=29176, stack(0x000000560fd00000,0x000000560fe00000) (1024K)]
  0x000001bf172b9560 JavaThread "Thread-16"                  daemon [_thread_in_native, id=25388, stack(0x000000560fe00000,0x000000560ff00000) (1024K)]
  0x000001bf172ba280 JavaThread "Thread-17"                  daemon [_thread_in_native, id=15548, stack(0x000000560ff00000,0x0000005610000000) (1024K)]
  0x000001bf172b8ed0 JavaThread "pool-2-thread-1"                   [_thread_blocked, id=35484, stack(0x0000005610000000,0x0000005610100000) (1024K)]
  0x000001bf172bafa0 JavaThread "Worker-3: Java indexing... "        [_thread_blocked, id=24172, stack(0x0000005610100000,0x0000005610200000) (1024K)]
  0x000001bf172bbcc0 JavaThread "Worker-4: Initialize Workspace"        [_thread_blocked, id=33316, stack(0x0000005610200000,0x0000005610300000) (1024K)]
  0x000001bf172ba910 JavaThread "WorkspaceEventsHandler"            [_thread_blocked, id=6240, stack(0x0000005610300000,0x0000005610400000) (1024K)]
  0x000001bf172b9bf0 JavaThread "pool-1-thread-1"                   [_thread_blocked, id=7516, stack(0x0000005610400000,0x0000005610500000) (1024K)]
  0x000001bf172b8840 JavaThread "ForkJoinPool.commonPool-worker-1" daemon [_thread_blocked, id=35820, stack(0x000000560c300000,0x000000560c400000) (1024K)]
  0x000001bf172bdd90 JavaThread "ForkJoinPool.commonPool-worker-2" daemon [_thread_blocked, id=5204, stack(0x0000005610500000,0x0000005610600000) (1024K)]
  0x000001bf172bc9e0 JavaThread "ForkJoinPool.commonPool-worker-3" daemon [_thread_blocked, id=24684, stack(0x0000005610600000,0x0000005610700000) (1024K)]
  0x000001bf172bc350 JavaThread "ForkJoinPool.commonPool-worker-4" daemon [_thread_blocked, id=6172, stack(0x0000005610700000,0x0000005610800000) (1024K)]
  0x000001bf172bd070 JavaThread "ForkJoinPool.commonPool-worker-5" daemon [_thread_blocked, id=35688, stack(0x0000005610800000,0x0000005610900000) (1024K)]
  0x000001bf172bd700 JavaThread "ForkJoinPool.commonPool-worker-6" daemon [_thread_blocked, id=13108, stack(0x0000005610900000,0x0000005610a00000) (1024K)]
  0x000001bf172be420 JavaThread "ForkJoinPool.commonPool-worker-7" daemon [_thread_blocked, id=5840, stack(0x0000005610a00000,0x0000005610b00000) (1024K)]
  0x000001bf172beab0 JavaThread "ForkJoinPool.commonPool-worker-8" daemon [_thread_blocked, id=24176, stack(0x0000005610b00000,0x0000005610c00000) (1024K)]
  0x000001bf172bb630 JavaThread "ForkJoinPool.commonPool-worker-10" daemon [_thread_blocked, id=34952, stack(0x0000005610c00000,0x0000005610d00000) (1024K)]
  0x000001bf172bfe60 JavaThread "ForkJoinPool.commonPool-worker-9" daemon [_thread_blocked, id=15252, stack(0x0000005610d00000,0x0000005610e00000) (1024K)]
  0x000001bf172bf140 JavaThread "ForkJoinPool.commonPool-worker-12" daemon [_thread_blocked, id=29228, stack(0x0000005610e00000,0x0000005610f00000) (1024K)]
  0x000001bf172bf7d0 JavaThread "ForkJoinPool.commonPool-worker-11" daemon [_thread_blocked, id=28420, stack(0x0000005610f00000,0x0000005611000000) (1024K)]
  0x000001bf17612150 JavaThread "ForkJoinPool.commonPool-worker-13" daemon [_thread_blocked, id=2500, stack(0x0000005611000000,0x0000005611100000) (1024K)]
  0x000001bf17611430 JavaThread "ForkJoinPool.commonPool-worker-14" daemon [_thread_blocked, id=12616, stack(0x0000005611100000,0x0000005611200000) (1024K)]
  0x000001bf17611ac0 JavaThread "ForkJoinPool.commonPool-worker-15" daemon [_thread_blocked, id=29028, stack(0x0000005611200000,0x0000005611300000) (1024K)]
  0x000001bf17613500 JavaThread "Worker-5"                          [_thread_blocked, id=35940, stack(0x0000005611300000,0x0000005611400000) (1024K)]
Total: 62

Other Threads:
  0x000001beb54de960 VMThread "VM Thread"                           [id=22696, stack(0x000000560c800000,0x000000560c900000) (1024K)]
  0x000001becbafca00 WatcherThread "VM Periodic Task Thread"        [id=34236, stack(0x000000560c700000,0x000000560c800000) (1024K)]
  0x000001beb543c7f0 WorkerThread "GC Thread#0"                     [id=35960, stack(0x000000560c600000,0x000000560c700000) (1024K)]
  0x000001bf1451b620 WorkerThread "GC Thread#1"                     [id=21684, stack(0x000000560d500000,0x000000560d600000) (1024K)]
  0x000001bf1451b9d0 WorkerThread "GC Thread#2"                     [id=19848, stack(0x000000560d600000,0x000000560d700000) (1024K)]
  0x000001bf145165e0 WorkerThread "GC Thread#3"                     [id=29680, stack(0x000000560d700000,0x000000560d800000) (1024K)]
  0x000001bf14516990 WorkerThread "GC Thread#4"                     [id=4432, stack(0x000000560d800000,0x000000560d900000) (1024K)]
  0x000001bf14519be0 WorkerThread "GC Thread#5"                     [id=14860, stack(0x000000560d900000,0x000000560da00000) (1024K)]
  0x000001bf14519f90 WorkerThread "GC Thread#6"                     [id=31364, stack(0x000000560da00000,0x000000560db00000) (1024K)]
  0x000001bf14330590 WorkerThread "GC Thread#7"                     [id=24836, stack(0x000000560db00000,0x000000560dc00000) (1024K)]
  0x000001bf147ed840 WorkerThread "GC Thread#8"                     [id=16592, stack(0x000000560de00000,0x000000560df00000) (1024K)]
  0x000001bf147edbf0 WorkerThread "GC Thread#9"                     [id=27784, stack(0x000000560df00000,0x000000560e000000) (1024K)]
  0x000001bf14192000 WorkerThread "GC Thread#10"                    [id=10212, stack(0x000000560e000000,0x000000560e100000) (1024K)]
  0x000001bf148bf130 WorkerThread "GC Thread#11"                    [id=2268, stack(0x000000560e200000,0x000000560e300000) (1024K)]
  0x000001bf0e47ec70 WorkerThread "GC Thread#12"                    [id=30856, stack(0x000000560e300000,0x000000560e400000) (1024K)]
Total: 15

Threads with active compile tasks:
C2 CompilerThread0  74586 8630       4       java.lang.invoke.MethodType::makeImpl (109 bytes)
Total: 1

VM state: not at safepoint (normal execution)

VM Mutex/Monitor currently owned by a thread: None

Heap address: 0x0000000080000000, size: 2048 MB, Compressed Oops mode: 32-bit

CDS archive(s) mapped at: [0x000001becc000000-0x000001beccba0000-0x000001beccba0000), size 12189696, SharedBaseAddress: 0x000001becc000000, ArchiveRelocationMode: 1.
Compressed class space mapped at: 0x000001becd000000-0x000001bf0d000000, reserved size: 1073741824
Narrow klass base: 0x000001becc000000, Narrow klass shift: 0, Narrow klass range: 0x100000000

GC Precious Log:
 CardTable entry size: 512
 CPUs: 16 total, 16 available
 Memory: 7876M
 Large Page Support: Disabled
 NUMA Support: Disabled
 Compressed Oops: Enabled (32-bit)
 Alignments: Space 512K, Generation 512K, Heap 2M
 Heap Min Capacity: 100M
 Heap Initial Capacity: 100M
 Heap Max Capacity: 2G
 Pre-touch: Disabled
 Parallel Workers: 13

Heap:
 PSYoungGen      total 24064K, used 14720K [0x00000000d5580000, 0x00000000d7680000, 0x0000000100000000)
  eden space 22016K, 62% used [0x00000000d5580000,0x00000000d62f21e0,0x00000000d6b00000)
  from space 2048K, 46% used [0x00000000d7280000,0x00000000d736e0b8,0x00000000d7480000)
  to   space 1536K, 0% used [0x00000000d7500000,0x00000000d7500000,0x00000000d7680000)
 ParOldGen       total 68608K, used 58219K [0x0000000080000000, 0x0000000084300000, 0x00000000d5580000)
  object space 68608K, 84% used [0x0000000080000000,0x00000000838dac90,0x0000000084300000)
 Metaspace       used 57177K, committed 58560K, reserved 1114112K
  class space    used 6118K, committed 6720K, reserved 1048576K

Card table byte_map: [0x000001beb4cd0000,0x000001beb50e0000] _byte_map_base: 0x000001beb48d0000

Marking Bits: (ParMarkBitMap*) 0x00007ffbfe9d3450
 Begin Bits: [0x000001bec7620000, 0x000001bec9620000)
 End Bits:   [0x000001bec9620000, 0x000001becb620000)

Polling page: 0x000001beb3170000

Metaspace:

Usage:
  Non-class:     49.86 MB used.
      Class:      5.98 MB used.
       Both:     55.84 MB used.

Virtual space:
  Non-class space:       64.00 MB reserved,      50.62 MB ( 79%) committed,  1 nodes.
      Class space:        1.00 GB reserved,       6.56 MB ( <1%) committed,  1 nodes.
             Both:        1.06 GB reserved,      57.19 MB (  5%) committed. 

Chunk freelists:
   Non-Class:  13.16 MB
       Class:  9.43 MB
        Both:  22.59 MB

MaxMetaspaceSize: unlimited
CompressedClassSpaceSize: 1.00 GB
Initial GC threshold: 21.00 MB
Current GC threshold: 58.38 MB
CDS: on
 - commit_granule_bytes: 65536.
 - commit_granule_words: 8192.
 - virtual_space_node_default_size: 8388608.
 - enlarge_chunks_in_place: 1.
 - use_allocation_guard: 0.


Internal statistics:

num_allocs_failed_limit: 6.
num_arena_births: 1100.
num_arena_deaths: 14.
num_vsnodes_births: 2.
num_vsnodes_deaths: 0.
num_space_committed: 915.
num_space_uncommitted: 0.
num_chunks_returned_to_freelist: 20.
num_chunks_taken_from_freelist: 3743.
num_chunk_merges: 9.
num_chunk_splits: 2295.
num_chunks_enlarged: 1296.
num_inconsistent_stats: 0.

CodeHeap 'non-profiled nmethods': size=119168Kb used=4313Kb max_used=4313Kb free=114854Kb
 bounds [0x000001bec01c0000, 0x000001bec0600000, 0x000001bec7620000]
CodeHeap 'profiled nmethods': size=119104Kb used=17959Kb max_used=17959Kb free=101144Kb
 bounds [0x000001beb8620000, 0x000001beb97b0000, 0x000001bebfa70000]
CodeHeap 'non-nmethods': size=7488Kb used=1970Kb max_used=2533Kb free=5517Kb
 bounds [0x000001bebfa70000, 0x000001bebfd50000, 0x000001bec01c0000]
CodeCache: size=245760Kb, used=24242Kb, max_used=24805Kb, free=221515Kb
 total_blobs=8852, nmethods=8132, adapters=625, full_count=0
Compilation: enabled, stopped_count=0, restarted_count=0

Compilation events (20 events):
Event: 72.987 Thread 0x000001bf144fd900 8701       1       org.eclipse.jdt.internal.compiler.ast.AbstractMethodDeclaration::isConstructor (2 bytes)
Event: 72.987 Thread 0x000001bf144fd900 nmethod 8701 0x000001bec05f2290 code [0x000001bec05f2420, 0x000001bec05f24e8]
Event: 72.987 Thread 0x000001bf144fd900 8702       3       org.eclipse.jdt.internal.compiler.ast.SingleNameReference::traverse (14 bytes)
Event: 72.987 Thread 0x000001bf0e3d4c00 8703       3       org.eclipse.jdt.internal.compiler.ASTVisitor::endVisit (1 bytes)
Event: 72.988 Thread 0x000001bf0e3d4c00 nmethod 8703 0x000001beb977cc10 code [0x000001beb977cda0, 0x000001beb977cea8]
Event: 72.988 Thread 0x000001bf144fd900 nmethod 8702 0x000001beb977cf10 code [0x000001beb977d0c0, 0x000001beb977d390]
Event: 72.989 Thread 0x000001bf144fd900 8704       3       org.eclipse.jdt.internal.compiler.impl.IrritantSet::set (23 bytes)
Event: 72.989 Thread 0x000001bf144fd900 nmethod 8704 0x000001beb977d490 code [0x000001beb977d640, 0x000001beb977d798]
Event: 72.994 Thread 0x000001bf144fd900 8705       3       org.eclipse.jdt.internal.compiler.parser.Scanner::isRestrictedKeyword (68 bytes)
Event: 72.994 Thread 0x000001bf0e3d4c00 8706       3       org.eclipse.jdt.internal.compiler.parser.Scanner::updateScanContext (275 bytes)
Event: 72.994 Thread 0x000001bf144fd900 nmethod 8705 0x000001beb977d890 code [0x000001beb977da40, 0x000001beb977dcc8]
Event: 72.994 Thread 0x000001bf0e3d4c00 nmethod 8706 0x000001beb977de10 code [0x000001beb977e040, 0x000001beb977e888]
Event: 73.004 Thread 0x000001bf144fd900 8709       3       org.eclipse.jdt.internal.compiler.parser.Parser::consumeClassOrInterfaceName (19 bytes)
Event: 73.004 Thread 0x000001bf144fd900 nmethod 8709 0x000001beb977ea10 code [0x000001beb977ebe0, 0x000001beb977eea0]
Event: 73.008 Thread 0x000001bf144fd900 8710       3       org.eclipse.jdt.internal.compiler.ast.Literal::<init> (15 bytes)
Event: 73.008 Thread 0x000001bf144fd900 nmethod 8710 0x000001beb977f010 code [0x000001beb977f1c0, 0x000001beb977f458]
Event: 73.014 Thread 0x000001bf0e3d4c00 8714       1       org.eclipse.jdt.internal.compiler.ast.ArrayTypeReference::setAnnotationsOnDimensions (6 bytes)
Event: 73.015 Thread 0x000001bf0e3d4c00 nmethod 8714 0x000001bec05f2590 code [0x000001bec05f2720, 0x000001bec05f2800]
Event: 73.016 Thread 0x000001bf0e3d4c00 8715       3       lombok.eclipse.agent.PatchVal::couldBe (291 bytes)
Event: 73.016 Thread 0x000001bf144fd900 8716       3       lombok.eclipse.agent.PatchVal::matches (44 bytes)

GC Heap History (20 events):
Event: 69.349 GC heap before
{Heap before GC invocations=24 (full 2):
 PSYoungGen      total 28672K, used 24128K [0x00000000d5580000, 0x00000000d7c80000, 0x0000000100000000)
  eden space 22016K, 100% used [0x00000000d5580000,0x00000000d6b00000,0x00000000d6b00000)
  from space 6656K, 31% used [0x00000000d7100000,0x00000000d7310010,0x00000000d7780000)
  to   space 3072K, 0% used [0x00000000d7980000,0x00000000d7980000,0x00000000d7c80000)
 ParOldGen       total 68608K, used 42023K [0x0000000080000000, 0x0000000084300000, 0x00000000d5580000)
  object space 68608K, 61% used [0x0000000080000000,0x0000000082909e48,0x0000000084300000)
 Metaspace       used 49441K, committed 50752K, reserved 1114112K
  class space    used 5325K, committed 5888K, reserved 1048576K
}
Event: 69.351 GC heap after
{Heap after GC invocations=24 (full 2):
 PSYoungGen      total 24576K, used 2434K [0x00000000d5580000, 0x00000000d7c00000, 0x0000000100000000)
  eden space 22016K, 0% used [0x00000000d5580000,0x00000000d5580000,0x00000000d6b00000)
  from space 2560K, 95% used [0x00000000d7980000,0x00000000d7be0810,0x00000000d7c00000)
  to   space 2560K, 0% used [0x00000000d7700000,0x00000000d7700000,0x00000000d7980000)
 ParOldGen       total 68608K, used 43895K [0x0000000080000000, 0x0000000084300000, 0x00000000d5580000)
  object space 68608K, 63% used [0x0000000080000000,0x0000000082adde68,0x0000000084300000)
 Metaspace       used 49441K, committed 50752K, reserved 1114112K
  class space    used 5325K, committed 5888K, reserved 1048576K
}
Event: 69.441 GC heap before
{Heap before GC invocations=25 (full 2):
 PSYoungGen      total 24576K, used 24450K [0x00000000d5580000, 0x00000000d7c00000, 0x0000000100000000)
  eden space 22016K, 100% used [0x00000000d5580000,0x00000000d6b00000,0x00000000d6b00000)
  from space 2560K, 95% used [0x00000000d7980000,0x00000000d7be0810,0x00000000d7c00000)
  to   space 2560K, 0% used [0x00000000d7700000,0x00000000d7700000,0x00000000d7980000)
 ParOldGen       total 68608K, used 43895K [0x0000000080000000, 0x0000000084300000, 0x00000000d5580000)
  object space 68608K, 63% used [0x0000000080000000,0x0000000082adde68,0x0000000084300000)
 Metaspace       used 49454K, committed 50752K, reserved 1114112K
  class space    used 5325K, committed 5888K, reserved 1048576K
}
Event: 69.444 GC heap after
{Heap after GC invocations=25 (full 2):
 PSYoungGen      total 24576K, used 2432K [0x00000000d5580000, 0x00000000d7a00000, 0x0000000100000000)
  eden space 22016K, 0% used [0x00000000d5580000,0x00000000d5580000,0x00000000d6b00000)
  from space 2560K, 95% used [0x00000000d7700000,0x00000000d7960010,0x00000000d7980000)
  to   space 512K, 0% used [0x00000000d7980000,0x00000000d7980000,0x00000000d7a00000)
 ParOldGen       total 68608K, used 46069K [0x0000000080000000, 0x0000000084300000, 0x00000000d5580000)
  object space 68608K, 67% used [0x0000000080000000,0x0000000082cfd690,0x0000000084300000)
 Metaspace       used 49454K, committed 50752K, reserved 1114112K
  class space    used 5325K, committed 5888K, reserved 1048576K
}
Event: 69.494 GC heap before
{Heap before GC invocations=26 (full 2):
 PSYoungGen      total 24576K, used 24448K [0x00000000d5580000, 0x00000000d7a00000, 0x0000000100000000)
  eden space 22016K, 100% used [0x00000000d5580000,0x00000000d6b00000,0x00000000d6b00000)
  from space 2560K, 95% used [0x00000000d7700000,0x00000000d7960010,0x00000000d7980000)
  to   space 512K, 0% used [0x00000000d7980000,0x00000000d7980000,0x00000000d7a00000)
 ParOldGen       total 68608K, used 46069K [0x0000000080000000, 0x0000000084300000, 0x00000000d5580000)
  object space 68608K, 67% used [0x0000000080000000,0x0000000082cfd690,0x0000000084300000)
 Metaspace       used 49457K, committed 50752K, reserved 1114112K
  class space    used 5325K, committed 5888K, reserved 1048576K
}
Event: 69.498 GC heap after
{Heap after GC invocations=26 (full 2):
 PSYoungGen      total 22528K, used 512K [0x00000000d5580000, 0x00000000d7a00000, 0x0000000100000000)
  eden space 22016K, 0% used [0x00000000d5580000,0x00000000d5580000,0x00000000d6b00000)
  from space 512K, 100% used [0x00000000d7980000,0x00000000d7a00000,0x00000000d7a00000)
  to   space 4608K, 0% used [0x00000000d7100000,0x00000000d7100000,0x00000000d7580000)
 ParOldGen       total 68608K, used 49649K [0x0000000080000000, 0x0000000084300000, 0x00000000d5580000)
  object space 68608K, 72% used [0x0000000080000000,0x000000008307c6a0,0x0000000084300000)
 Metaspace       used 49457K, committed 50752K, reserved 1114112K
  class space    used 5325K, committed 5888K, reserved 1048576K
}
Event: 69.550 GC heap before
{Heap before GC invocations=27 (full 2):
 PSYoungGen      total 22528K, used 22528K [0x00000000d5580000, 0x00000000d7a00000, 0x0000000100000000)
  eden space 22016K, 100% used [0x00000000d5580000,0x00000000d6b00000,0x00000000d6b00000)
  from space 512K, 100% used [0x00000000d7980000,0x00000000d7a00000,0x00000000d7a00000)
  to   space 4608K, 0% used [0x00000000d7100000,0x00000000d7100000,0x00000000d7580000)
 ParOldGen       total 68608K, used 49649K [0x0000000080000000, 0x0000000084300000, 0x00000000d5580000)
  object space 68608K, 72% used [0x0000000080000000,0x000000008307c6a0,0x0000000084300000)
 Metaspace       used 49490K, committed 50752K, reserved 1114112K
  class space    used 5328K, committed 5888K, reserved 1048576K
}
Event: 69.553 GC heap after
{Heap after GC invocations=27 (full 2):
 PSYoungGen      total 26624K, used 2208K [0x00000000d5580000, 0x00000000d7a00000, 0x0000000100000000)
  eden space 22016K, 0% used [0x00000000d5580000,0x00000000d5580000,0x00000000d6b00000)
  from space 4608K, 47% used [0x00000000d7100000,0x00000000d7328010,0x00000000d7580000)
  to   space 3072K, 0% used [0x00000000d7700000,0x00000000d7700000,0x00000000d7a00000)
 ParOldGen       total 68608K, used 50195K [0x0000000080000000, 0x0000000084300000, 0x00000000d5580000)
  object space 68608K, 73% used [0x0000000080000000,0x0000000083104eb8,0x0000000084300000)
 Metaspace       used 49490K, committed 50752K, reserved 1114112K
  class space    used 5328K, committed 5888K, reserved 1048576K
}
Event: 69.693 GC heap before
{Heap before GC invocations=28 (full 2):
 PSYoungGen      total 26624K, used 24224K [0x00000000d5580000, 0x00000000d7a00000, 0x0000000100000000)
  eden space 22016K, 100% used [0x00000000d5580000,0x00000000d6b00000,0x00000000d6b00000)
  from space 4608K, 47% used [0x00000000d7100000,0x00000000d7328010,0x00000000d7580000)
  to   space 3072K, 0% used [0x00000000d7700000,0x00000000d7700000,0x00000000d7a00000)
 ParOldGen       total 68608K, used 50195K [0x0000000080000000, 0x0000000084300000, 0x00000000d5580000)
  object space 68608K, 73% used [0x0000000080000000,0x0000000083104eb8,0x0000000084300000)
 Metaspace       used 49569K, committed 50816K, reserved 1114112K
  class space    used 5329K, committed 5888K, reserved 1048576K
}
Event: 69.697 GC heap after
{Heap after GC invocations=28 (full 2):
 PSYoungGen      total 24576K, used 2072K [0x00000000d5580000, 0x00000000d7980000, 0x0000000100000000)
  eden space 22016K, 0% used [0x00000000d5580000,0x00000000d5580000,0x00000000d6b00000)
  from space 2560K, 80% used [0x00000000d7700000,0x00000000d7906200,0x00000000d7980000)
  to   space 2560K, 0% used [0x00000000d7480000,0x00000000d7480000,0x00000000d7700000)
 ParOldGen       total 68608K, used 52339K [0x0000000080000000, 0x0000000084300000, 0x00000000d5580000)
  object space 68608K, 76% used [0x0000000080000000,0x000000008331cec8,0x0000000084300000)
 Metaspace       used 49569K, committed 50816K, reserved 1114112K
  class space    used 5329K, committed 5888K, reserved 1048576K
}
Event: 70.225 GC heap before
{Heap before GC invocations=29 (full 2):
 PSYoungGen      total 24576K, used 24079K [0x00000000d5580000, 0x00000000d7980000, 0x0000000100000000)
  eden space 22016K, 99% used [0x00000000d5580000,0x00000000d6afdd70,0x00000000d6b00000)
  from space 2560K, 80% used [0x00000000d7700000,0x00000000d7906200,0x00000000d7980000)
  to   space 2560K, 0% used [0x00000000d7480000,0x00000000d7480000,0x00000000d7700000)
 ParOldGen       total 68608K, used 52339K [0x0000000080000000, 0x0000000084300000, 0x00000000d5580000)
  object space 68608K, 76% used [0x0000000080000000,0x000000008331cec8,0x0000000084300000)
 Metaspace       used 50818K, committed 52160K, reserved 1114112K
  class space    used 5481K, committed 6080K, reserved 1048576K
}
Event: 70.227 GC heap after
{Heap after GC invocations=29 (full 2):
 PSYoungGen      total 23552K, used 1460K [0x00000000d5580000, 0x00000000d7780000, 0x0000000100000000)
  eden space 22016K, 0% used [0x00000000d5580000,0x00000000d5580000,0x00000000d6b00000)
  from space 1536K, 95% used [0x00000000d7480000,0x00000000d75ed328,0x00000000d7600000)
  to   space 1536K, 0% used [0x00000000d7600000,0x00000000d7600000,0x00000000d7780000)
 ParOldGen       total 68608K, used 54212K [0x0000000080000000, 0x0000000084300000, 0x00000000d5580000)
  object space 68608K, 79% used [0x0000000080000000,0x00000000834f10c8,0x0000000084300000)
 Metaspace       used 50818K, committed 52160K, reserved 1114112K
  class space    used 5481K, committed 6080K, reserved 1048576K
}
Event: 71.111 GC heap before
{Heap before GC invocations=30 (full 2):
 PSYoungGen      total 23552K, used 23433K [0x00000000d5580000, 0x00000000d7780000, 0x0000000100000000)
  eden space 22016K, 99% used [0x00000000d5580000,0x00000000d6af5148,0x00000000d6b00000)
  from space 1536K, 95% used [0x00000000d7480000,0x00000000d75ed328,0x00000000d7600000)
  to   space 1536K, 0% used [0x00000000d7600000,0x00000000d7600000,0x00000000d7780000)
 ParOldGen       total 68608K, used 54212K [0x0000000080000000, 0x0000000084300000, 0x00000000d5580000)
  object space 68608K, 79% used [0x0000000080000000,0x00000000834f10c8,0x0000000084300000)
 Metaspace       used 52612K, committed 53824K, reserved 1114112K
  class space    used 5669K, committed 6208K, reserved 1048576K
}
Event: 71.115 GC heap after
{Heap after GC invocations=30 (full 2):
 PSYoungGen      total 23040K, used 576K [0x00000000d5580000, 0x00000000d7700000, 0x0000000100000000)
  eden space 22016K, 0% used [0x00000000d5580000,0x00000000d5580000,0x00000000d6b00000)
  from space 1024K, 56% used [0x00000000d7600000,0x00000000d7690000,0x00000000d7700000)
  to   space 1024K, 0% used [0x00000000d7500000,0x00000000d7500000,0x00000000d7600000)
 ParOldGen       total 68608K, used 55487K [0x0000000080000000, 0x0000000084300000, 0x00000000d5580000)
  object space 68608K, 80% used [0x0000000080000000,0x000000008362fdb8,0x0000000084300000)
 Metaspace       used 52612K, committed 53824K, reserved 1114112K
  class space    used 5669K, committed 6208K, reserved 1048576K
}
Event: 71.586 GC heap before
{Heap before GC invocations=31 (full 2):
 PSYoungGen      total 23040K, used 22417K [0x00000000d5580000, 0x00000000d7700000, 0x0000000100000000)
  eden space 22016K, 99% used [0x00000000d5580000,0x00000000d6ad4518,0x00000000d6b00000)
  from space 1024K, 56% used [0x00000000d7600000,0x00000000d7690000,0x00000000d7700000)
  to   space 1024K, 0% used [0x00000000d7500000,0x00000000d7500000,0x00000000d7600000)
 ParOldGen       total 68608K, used 55487K [0x0000000080000000, 0x0000000084300000, 0x00000000d5580000)
  object space 68608K, 80% used [0x0000000080000000,0x000000008362fdb8,0x0000000084300000)
 Metaspace       used 53752K, committed 55040K, reserved 1114112K
  class space    used 5762K, committed 6336K, reserved 1048576K
}
Event: 71.588 GC heap after
{Heap after GC invocations=31 (full 2):
 PSYoungGen      total 23040K, used 1016K [0x00000000d5580000, 0x00000000d7680000, 0x0000000100000000)
  eden space 22016K, 0% used [0x00000000d5580000,0x00000000d5580000,0x00000000d6b00000)
  from space 1024K, 99% used [0x00000000d7500000,0x00000000d75fe218,0x00000000d7600000)
  to   space 512K, 0% used [0x00000000d7600000,0x00000000d7600000,0x00000000d7680000)
 ParOldGen       total 68608K, used 56729K [0x0000000080000000, 0x0000000084300000, 0x00000000d5580000)
  object space 68608K, 82% used [0x0000000080000000,0x0000000083766498,0x0000000084300000)
 Metaspace       used 53752K, committed 55040K, reserved 1114112K
  class space    used 5762K, committed 6336K, reserved 1048576K
}
Event: 71.698 GC heap before
{Heap before GC invocations=32 (full 2):
 PSYoungGen      total 23040K, used 23032K [0x00000000d5580000, 0x00000000d7680000, 0x0000000100000000)
  eden space 22016K, 100% used [0x00000000d5580000,0x00000000d6b00000,0x00000000d6b00000)
  from space 1024K, 99% used [0x00000000d7500000,0x00000000d75fe218,0x00000000d7600000)
  to   space 512K, 0% used [0x00000000d7600000,0x00000000d7600000,0x00000000d7680000)
 ParOldGen       total 68608K, used 56729K [0x0000000080000000, 0x0000000084300000, 0x00000000d5580000)
  object space 68608K, 82% used [0x0000000080000000,0x0000000083766498,0x0000000084300000)
 Metaspace       used 53764K, committed 55104K, reserved 1114112K
  class space    used 5762K, committed 6336K, reserved 1048576K
}
Event: 71.727 GC heap after
{Heap after GC invocations=32 (full 2):
 PSYoungGen      total 22528K, used 480K [0x00000000d5580000, 0x00000000d7680000, 0x0000000100000000)
  eden space 22016K, 0% used [0x00000000d5580000,0x00000000d5580000,0x00000000d6b00000)
  from space 512K, 93% used [0x00000000d7600000,0x00000000d76783c0,0x00000000d7680000)
  to   space 2048K, 0% used [0x00000000d7280000,0x00000000d7280000,0x00000000d7480000)
 ParOldGen       total 68608K, used 58091K [0x0000000080000000, 0x0000000084300000, 0x00000000d5580000)
  object space 68608K, 84% used [0x0000000080000000,0x00000000838bac90,0x0000000084300000)
 Metaspace       used 53764K, committed 55104K, reserved 1114112K
  class space    used 5762K, committed 6336K, reserved 1048576K
}
Event: 72.500 GC heap before
{Heap before GC invocations=33 (full 2):
 PSYoungGen      total 22528K, used 22496K [0x00000000d5580000, 0x00000000d7680000, 0x0000000100000000)
  eden space 22016K, 100% used [0x00000000d5580000,0x00000000d6b00000,0x00000000d6b00000)
  from space 512K, 93% used [0x00000000d7600000,0x00000000d76783c0,0x00000000d7680000)
  to   space 2048K, 0% used [0x00000000d7280000,0x00000000d7280000,0x00000000d7480000)
 ParOldGen       total 68608K, used 58091K [0x0000000080000000, 0x0000000084300000, 0x00000000d5580000)
  object space 68608K, 84% used [0x0000000080000000,0x00000000838bac90,0x0000000084300000)
 Metaspace       used 56105K, committed 57408K, reserved 1114112K
  class space    used 6004K, committed 6592K, reserved 1048576K
}
Event: 72.502 GC heap after
{Heap after GC invocations=33 (full 2):
 PSYoungGen      total 24064K, used 952K [0x00000000d5580000, 0x00000000d7680000, 0x0000000100000000)
  eden space 22016K, 0% used [0x00000000d5580000,0x00000000d5580000,0x00000000d6b00000)
  from space 2048K, 46% used [0x00000000d7280000,0x00000000d736e0b8,0x00000000d7480000)
  to   space 1536K, 0% used [0x00000000d7500000,0x00000000d7500000,0x00000000d7680000)
 ParOldGen       total 68608K, used 58219K [0x0000000080000000, 0x0000000084300000, 0x00000000d5580000)
  object space 68608K, 84% used [0x0000000080000000,0x00000000838dac90,0x0000000084300000)
 Metaspace       used 56105K, committed 57408K, reserved 1114112K
  class space    used 6004K, committed 6592K, reserved 1048576K
}

Dll operation events (10 events):
Event: 0.017 Loaded shared library c:\Users\User\.vscode\extensions\redhat.java-1.54.0-win32-x64\jre\21.0.10-win32-x86_64\bin\java.dll
Event: 0.109 Loaded shared library c:\Users\User\.vscode\extensions\redhat.java-1.54.0-win32-x64\jre\21.0.10-win32-x86_64\bin\zip.dll
Event: 0.153 Loaded shared library C:\Users\User\.vscode\extensions\redhat.java-1.54.0-win32-x64\jre\21.0.10-win32-x86_64\bin\instrument.dll
Event: 0.164 Loaded shared library C:\Users\User\.vscode\extensions\redhat.java-1.54.0-win32-x64\jre\21.0.10-win32-x86_64\bin\net.dll
Event: 0.168 Loaded shared library C:\Users\User\.vscode\extensions\redhat.java-1.54.0-win32-x64\jre\21.0.10-win32-x86_64\bin\nio.dll
Event: 0.177 Loaded shared library C:\Users\User\.vscode\extensions\redhat.java-1.54.0-win32-x64\jre\21.0.10-win32-x86_64\bin\zip.dll
Event: 0.276 Loaded shared library C:\Users\User\.vscode\extensions\redhat.java-1.54.0-win32-x64\jre\21.0.10-win32-x86_64\bin\jimage.dll
Event: 0.506 Loaded shared library c:\Users\User\.vscode\extensions\redhat.java-1.54.0-win32-x64\jre\21.0.10-win32-x86_64\bin\verify.dll
Event: 23.125 Loaded shared library C:\Users\User\AppData\Roaming\Code\User\globalStorage\redhat.java\1.54.0\config_win\org.eclipse.equinox.launcher\org.eclipse.equinox.launcher.win32.win32.x86_64_1.3.0.v20260203-2149\eclipse_11919.dll
Event: 52.011 Loaded shared library C:\Users\User\AppData\Local\Temp\jna-2645995\jna8351473436262676107.dll

Deoptimization events (20 events):
Event: 72.971 Thread 0x000001bf149aa840 Uncommon trap: trap_request=0xffffffde fr.pc=0x000001bec05dc204 relative=0x00000000000004e4
Event: 72.971 Thread 0x000001bf149aa840 Uncommon trap: reason=class_check action=maybe_recompile pc=0x000001bec05dc204 method=org.eclipse.jdt.internal.compiler.parser.Parser.consumeRule(I)V @ 4137 c2
Event: 72.971 Thread 0x000001bf149aa840 DEOPT PACKING pc=0x000001bec05dc204 sp=0x000000560ebfeb60
Event: 72.971 Thread 0x000001bf149aa840 DEOPT UNPACKING pc=0x000001bebfac3aa2 sp=0x000000560ebfeb00 mode 2
Event: 72.972 Thread 0x000001bf149aa840 Uncommon trap: trap_request=0xffffffde fr.pc=0x000001bec05dc204 relative=0x00000000000004e4
Event: 72.972 Thread 0x000001bf149aa840 Uncommon trap: reason=class_check action=maybe_recompile pc=0x000001bec05dc204 method=org.eclipse.jdt.internal.compiler.parser.Parser.consumeRule(I)V @ 4137 c2
Event: 72.972 Thread 0x000001bf149aa840 DEOPT PACKING pc=0x000001bec05dc204 sp=0x000000560ebfeb60
Event: 72.972 Thread 0x000001bf149aa840 DEOPT UNPACKING pc=0x000001bebfac3aa2 sp=0x000000560ebfeb00 mode 2
Event: 72.972 Thread 0x000001bf149aa840 Uncommon trap: trap_request=0xffffffde fr.pc=0x000001bec05dc204 relative=0x00000000000004e4
Event: 72.972 Thread 0x000001bf149aa840 Uncommon trap: reason=class_check action=maybe_recompile pc=0x000001bec05dc204 method=org.eclipse.jdt.internal.compiler.parser.Parser.consumeRule(I)V @ 4137 c2
Event: 72.972 Thread 0x000001bf149aa840 DEOPT PACKING pc=0x000001bec05dc204 sp=0x000000560ebfeb60
Event: 72.972 Thread 0x000001bf149aa840 DEOPT UNPACKING pc=0x000001bebfac3aa2 sp=0x000000560ebfeb00 mode 2
Event: 72.972 Thread 0x000001bf149aa840 Uncommon trap: trap_request=0xffffffde fr.pc=0x000001bec05dc204 relative=0x00000000000004e4
Event: 72.972 Thread 0x000001bf149aa840 Uncommon trap: reason=class_check action=maybe_recompile pc=0x000001bec05dc204 method=org.eclipse.jdt.internal.compiler.parser.Parser.consumeRule(I)V @ 4137 c2
Event: 72.972 Thread 0x000001bf149aa840 DEOPT PACKING pc=0x000001bec05dc204 sp=0x000000560ebfeb60
Event: 72.972 Thread 0x000001bf149aa840 DEOPT UNPACKING pc=0x000001bebfac3aa2 sp=0x000000560ebfeb00 mode 2
Event: 72.979 Thread 0x000001bf149aa840 Uncommon trap: trap_request=0xffffff45 fr.pc=0x000001bec04667ec relative=0x000000000000022c
Event: 72.979 Thread 0x000001bf149aa840 Uncommon trap: reason=unstable_if action=reinterpret pc=0x000001bec04667ec method=java.util.Arrays.hashCode([C)I @ 8 c2
Event: 72.979 Thread 0x000001bf149aa840 DEOPT PACKING pc=0x000001bec04667ec sp=0x000000560ebfe580
Event: 72.979 Thread 0x000001bf149aa840 DEOPT UNPACKING pc=0x000001bebfac3aa2 sp=0x000000560ebfe518 mode 2

Classes loaded (20 events):
Event: 72.374 Loading class java/nio/charset/CharacterCodingException
Event: 72.375 Loading class java/nio/charset/CharacterCodingException done
Event: 72.375 Loading class java/io/SequenceInputStream
Event: 72.376 Loading class java/io/SequenceInputStream done
Event: 72.447 Loading class java/util/WeakHashMap$KeyIterator
Event: 72.448 Loading class java/util/WeakHashMap$KeyIterator done
Event: 72.676 Loading class java/util/stream/ReferencePipeline$4
Event: 72.679 Loading class java/util/stream/ReferencePipeline$4 done
Event: 72.679 Loading class java/util/stream/Nodes$IntFixedNodeBuilder
Event: 72.680 Loading class java/util/stream/Node$Builder$OfInt
Event: 72.680 Loading class java/util/stream/Node$Builder$OfInt done
Event: 72.680 Loading class java/util/stream/Nodes$IntArrayNode
Event: 72.680 Loading class java/util/stream/Nodes$IntArrayNode done
Event: 72.680 Loading class java/util/stream/Nodes$IntFixedNodeBuilder done
Event: 72.680 Loading class java/util/stream/ReferencePipeline$4$1
Event: 72.680 Loading class java/util/stream/ReferencePipeline$4$1 done
Event: 72.806 Loading class java/util/concurrent/CompletableFuture$UniApply
Event: 72.807 Loading class java/util/concurrent/CompletableFuture$UniApply done
Event: 72.807 Loading class java/util/concurrent/CompletableFuture$UniExceptionally
Event: 72.807 Loading class java/util/concurrent/CompletableFuture$UniExceptionally done

Classes unloaded (7 events):
Event: 59.819 Thread 0x000001beb54de960 Unloading class 0x000001becd1a9400 'java/lang/invoke/LambdaForm$MH+0x000001becd1a9400'
Event: 59.824 Thread 0x000001beb54de960 Unloading class 0x000001becd1a9000 'java/lang/invoke/LambdaForm$MH+0x000001becd1a9000'
Event: 59.824 Thread 0x000001beb54de960 Unloading class 0x000001becd1a8c00 'java/lang/invoke/LambdaForm$MH+0x000001becd1a8c00'
Event: 59.824 Thread 0x000001beb54de960 Unloading class 0x000001becd1a8800 'java/lang/invoke/LambdaForm$MH+0x000001becd1a8800'
Event: 59.824 Thread 0x000001beb54de960 Unloading class 0x000001becd1a8400 'java/lang/invoke/LambdaForm$BMH+0x000001becd1a8400'
Event: 59.824 Thread 0x000001beb54de960 Unloading class 0x000001becd1a8000 'java/lang/invoke/LambdaForm$DMH+0x000001becd1a8000'
Event: 59.824 Thread 0x000001beb54de960 Unloading class 0x000001becd1a6c00 'java/lang/invoke/LambdaForm$DMH+0x000001becd1a6c00'

Classes redefined (0 events):
No events

Internal exceptions (20 events):
Event: 68.565 Thread 0x000001bf172b9bf0 Exception <a 'java/lang/IncompatibleClassChangeError'{0x00000000d5edb718}: Found class java.lang.Object, but interface was expected> (0x00000000d5edb718) 
thrown [s\src\hotspot\share\interpreter\linkResolver.cpp, line 840]
Event: 68.979 Thread 0x000001bf172b9bf0 Implicit null exception at 0x000001bec045cd77 to 0x000001bec045cfe8
Event: 68.979 Thread 0x000001bf172b9bf0 Exception <a 'java/lang/NoSuchMethodError'{0x00000000d6755020}: 'java.lang.Object java.lang.invoke.DelegatingMethodHandle$Holder.reinvoke_L(java.lang.Object, int, long, java.lang.Object, java.lang.Object, int, java.lang.Object)'> (0x00000000d6755020) 
thrown [s\src\hotspot\share\interpreter\linkResolver.cpp, line 773]
Event: 70.262 Thread 0x000001bf172b9bf0 Exception <a 'java/lang/NoSuchMethodError'{0x00000000d55f63c8}: 'java.lang.Object java.lang.invoke.DirectMethodHandle$Holder.invokeVirtual(java.lang.Object, java.lang.Object, int)'> (0x00000000d55f63c8) 
thrown [s\src\hotspot\share\interpreter\linkResolver.cpp, line 773]
Event: 72.398 Thread 0x000001bf172b9bf0 Exception <a 'java/io/FileNotFoundException'{0x00000000d68ac170}> (0x00000000d68ac170) 
thrown [s\src\hotspot\share\prims\jni.cpp, line 520]
Event: 72.398 Thread 0x000001bf172b9bf0 Exception <a 'java/io/FileNotFoundException'{0x00000000d68ad1b8}> (0x00000000d68ad1b8) 
thrown [s\src\hotspot\share\prims\jni.cpp, line 520]
Event: 72.796 Thread 0x000001bf172b9bf0 Exception <a 'sun/nio/fs/WindowsException'{0x00000000d5a03ea0}> (0x00000000d5a03ea0) 
thrown [s\src\hotspot\share\prims\jni.cpp, line 520]
Event: 72.796 Thread 0x000001bf172b9bf0 Exception <a 'sun/nio/fs/WindowsException'{0x00000000d5a044f0}> (0x00000000d5a044f0) 
thrown [s\src\hotspot\share\prims\jni.cpp, line 520]
Event: 72.798 Thread 0x000001bf172b9bf0 Exception <a 'sun/nio/fs/WindowsException'{0x00000000d5a07658}> (0x00000000d5a07658) 
thrown [s\src\hotspot\share\prims\jni.cpp, line 520]
Event: 72.798 Thread 0x000001bf172b9bf0 Exception <a 'sun/nio/fs/WindowsException'{0x00000000d5a07ca8}> (0x00000000d5a07ca8) 
thrown [s\src\hotspot\share\prims\jni.cpp, line 520]
Event: 72.799 Thread 0x000001bf172b9bf0 Exception <a 'sun/nio/fs/WindowsException'{0x00000000d5a08db8}> (0x00000000d5a08db8) 
thrown [s\src\hotspot\share\prims\jni.cpp, line 520]
Event: 72.799 Thread 0x000001bf172b9bf0 Exception <a 'sun/nio/fs/WindowsException'{0x00000000d5a093f8}> (0x00000000d5a093f8) 
thrown [s\src\hotspot\share\prims\jni.cpp, line 520]
Event: 72.801 Thread 0x000001bf172b9bf0 Exception <a 'sun/nio/fs/WindowsException'{0x00000000d5a0a070}> (0x00000000d5a0a070) 
thrown [s\src\hotspot\share\prims\jni.cpp, line 520]
Event: 72.801 Thread 0x000001bf172b9bf0 Exception <a 'sun/nio/fs/WindowsException'{0x00000000d5a0a6b0}> (0x00000000d5a0a6b0) 
thrown [s\src\hotspot\share\prims\jni.cpp, line 520]
Event: 72.803 Thread 0x000001bf172b9bf0 Exception <a 'java/lang/IncompatibleClassChangeError'{0x00000000d5a285a8}: Found class java.lang.Object, but interface was expected> (0x00000000d5a285a8) 
thrown [s\src\hotspot\share\interpreter\linkResolver.cpp, line 840]
Event: 72.929 Thread 0x000001bf149a8e00 Exception <a 'sun/nio/fs/WindowsException'{0x00000000d5bd8990}> (0x00000000d5bd8990) 
thrown [s\src\hotspot\share\prims\jni.cpp, line 520]
Event: 72.930 Thread 0x000001bf149a8e00 Exception <a 'sun/nio/fs/WindowsException'{0x00000000d5bd8fd0}> (0x00000000d5bd8fd0) 
thrown [s\src\hotspot\share\prims\jni.cpp, line 520]
Event: 72.947 Thread 0x000001bf149a8e00 Exception <a 'java/io/FileNotFoundException'{0x00000000d5c2dea0}> (0x00000000d5c2dea0) 
thrown [s\src\hotspot\share\prims\jni.cpp, line 520]
Event: 72.947 Thread 0x000001bf149a8e00 Exception <a 'java/io/FileNotFoundException'{0x00000000d5c2eed8}> (0x00000000d5c2eed8) 
thrown [s\src\hotspot\share\prims\jni.cpp, line 520]
Event: 72.948 Thread 0x000001bf149a8e00 Exception <a 'java/io/FileNotFoundException'{0x00000000d5c2fc68}> (0x00000000d5c2fc68) 
thrown [s\src\hotspot\share\prims\jni.cpp, line 520]

ZGC Phase Switch (0 events):
No events

VM Operations (20 events):
Event: 69.697 Executing safepoint VM operation: ParallelGCFailedAllocation (Allocation Failure) done
Event: 70.225 Executing safepoint VM operation: ParallelGCFailedAllocation (Allocation Failure)
Event: 70.227 Executing safepoint VM operation: ParallelGCFailedAllocation (Allocation Failure) done
Event: 70.275 Executing non-safepoint VM operation: HandshakeAllThreads (Deoptimize)
Event: 70.275 Executing non-safepoint VM operation: HandshakeAllThreads (Deoptimize) done
Event: 71.111 Executing safepoint VM operation: ParallelGCFailedAllocation (Allocation Failure)
Event: 71.115 Executing safepoint VM operation: ParallelGCFailedAllocation (Allocation Failure) done
Event: 71.586 Executing safepoint VM operation: ParallelGCFailedAllocation (Allocation Failure)
Event: 71.588 Executing safepoint VM operation: ParallelGCFailedAllocation (Allocation Failure) done
Event: 71.698 Executing safepoint VM operation: ParallelGCFailedAllocation (Allocation Failure)
Event: 71.727 Executing safepoint VM operation: ParallelGCFailedAllocation (Allocation Failure) done
Event: 71.950 Executing non-safepoint VM operation: HandshakeAllThreads (Deoptimize)
Event: 71.950 Executing non-safepoint VM operation: HandshakeAllThreads (Deoptimize) done
Event: 72.499 Executing safepoint VM operation: ParallelGCFailedAllocation (Allocation Failure)
Event: 72.502 Executing safepoint VM operation: ParallelGCFailedAllocation (Allocation Failure) done
Event: 72.665 Executing non-safepoint VM operation: HandshakeAllThreads (Deoptimize)
Event: 72.665 Executing non-safepoint VM operation: HandshakeAllThreads (Deoptimize) done
Event: 72.937 Executing non-safepoint VM operation: HandshakeAllThreads (Deoptimize)
Event: 72.937 Executing non-safepoint VM operation: HandshakeAllThreads (Deoptimize) done
Event: 73.963 Executing safepoint VM operation: Cleanup

Memory protections (0 events):
No events

Nmethod flushes (20 events):
Event: 63.304 Thread 0x000001beb54de960 flushing  nmethod 0x000001beb8cd1a10
Event: 63.304 Thread 0x000001beb54de960 flushing  nmethod 0x000001beb8d20410
Event: 63.304 Thread 0x000001beb54de960 flushing  nmethod 0x000001beb8d50b10
Event: 63.304 Thread 0x000001beb54de960 flushing  nmethod 0x000001beb8d53610
Event: 63.304 Thread 0x000001beb54de960 flushing  nmethod 0x000001beb8d53f10
Event: 63.304 Thread 0x000001beb54de960 flushing  nmethod 0x000001beb8d55110
Event: 63.304 Thread 0x000001beb54de960 flushing  nmethod 0x000001beb8d55d10
Event: 63.304 Thread 0x000001beb54de960 flushing  nmethod 0x000001beb8d57a10
Event: 63.304 Thread 0x000001beb54de960 flushing  nmethod 0x000001beb8d58e90
Event: 63.304 Thread 0x000001beb54de960 flushing  nmethod 0x000001beb8d59310
Event: 63.304 Thread 0x000001beb54de960 flushing  nmethod 0x000001beb8d59810
Event: 63.304 Thread 0x000001beb54de960 flushing  nmethod 0x000001beb8d5b690
Event: 63.304 Thread 0x000001beb54de960 flushing  nmethod 0x000001beb8d66510
Event: 63.304 Thread 0x000001beb54de960 flushing  nmethod 0x000001beb8da4d10
Event: 63.304 Thread 0x000001beb54de960 flushing  nmethod 0x000001beb8da8510
Event: 63.304 Thread 0x000001beb54de960 flushing  nmethod 0x000001beb8db2c90
Event: 63.304 Thread 0x000001beb54de960 flushing  nmethod 0x000001beb8e15c90
Event: 63.304 Thread 0x000001beb54de960 flushing  nmethod 0x000001beb8e47b10
Event: 63.304 Thread 0x000001beb54de960 flushing  nmethod 0x000001beb8e4d490
Event: 63.304 Thread 0x000001beb54de960 flushing  nmethod 0x000001beb8e60110

Events (20 events):
Event: 63.873 Thread 0x000001beb2e2a790 Thread added: 0x000001bf172b9bf0
Event: 66.277 Thread 0x000001bf14a86c90 Thread exited: 0x000001bf14a86c90
Event: 67.077 Thread 0x000001bf149ac280 Thread added: 0x000001bf172b8840
Event: 67.078 Thread 0x000001bf149ac280 Thread added: 0x000001bf172bdd90
Event: 67.078 Thread 0x000001bf172b8840 Thread added: 0x000001bf172bc9e0
Event: 67.078 Thread 0x000001bf149ac280 Thread added: 0x000001bf172bc350
Event: 67.079 Thread 0x000001bf172bdd90 Thread added: 0x000001bf172bd070
Event: 67.079 Thread 0x000001bf172bc350 Thread added: 0x000001bf172bd700
Event: 67.079 Thread 0x000001bf172bd070 Thread added: 0x000001bf172be420
Event: 67.080 Thread 0x000001bf172be420 Thread added: 0x000001bf172beab0
Event: 67.080 Thread 0x000001bf172bc9e0 Thread added: 0x000001bf172bb630
Event: 67.081 Thread 0x000001bf172bd700 Thread added: 0x000001bf172bfe60
Event: 67.081 Thread 0x000001bf172bb630 Thread added: 0x000001bf172bf140
Event: 67.081 Thread 0x000001bf172beab0 Thread added: 0x000001bf172bf7d0
Event: 67.081 Thread 0x000001bf172bf140 Thread added: 0x000001bf17612150
Event: 67.081 Thread 0x000001bf172bf7d0 Thread added: 0x000001bf17611430
Event: 67.082 Thread 0x000001bf17612150 Thread added: 0x000001bf17611ac0
Event: 68.369 Thread 0x000001bf172bbcc0 Thread added: 0x000001bf17613500
Event: 68.603 Thread 0x000001bf17613500 Thread exited: 0x000001bf17613500
Event: 72.945 Thread 0x000001bf14292b00 Thread added: 0x000001bf17613500


Dynamic libraries:
0x00007ff7137c0000 - 0x00007ff7137ce000 	c:\Users\User\.vscode\extensions\redhat.java-1.54.0-win32-x64\jre\21.0.10-win32-x86_64\bin\java.exe
0x00007ffcb4560000 - 0x00007ffcb47c7000 	C:\WINDOWS\SYSTEM32\ntdll.dll
0x00007ffcb3c50000 - 0x00007ffcb3d19000 	C:\WINDOWS\System32\KERNEL32.DLL
0x00007ffcb1ab0000 - 0x00007ffcb1ea4000 	C:\WINDOWS\System32\KERNELBASE.dll
0x00007ffcb2030000 - 0x00007ffcb217b000 	C:\WINDOWS\System32\ucrtbase.dll
0x00007ffc10380000 - 0x00007ffc10398000 	c:\Users\User\.vscode\extensions\redhat.java-1.54.0-win32-x64\jre\21.0.10-win32-x86_64\bin\jli.dll
0x00007ffcb37b0000 - 0x00007ffcb3975000 	C:\WINDOWS\System32\USER32.dll
0x00007ffcb18a0000 - 0x00007ffcb18c7000 	C:\WINDOWS\System32\win32u.dll
0x00007ffcb41f0000 - 0x00007ffcb421b000 	C:\WINDOWS\System32\GDI32.dll
0x00007ffcb18d0000 - 0x00007ffcb19fb000 	C:\WINDOWS\System32\gdi32full.dll
0x00007ffcb1a00000 - 0x00007ffcb1aa3000 	C:\WINDOWS\System32\msvcp_win.dll
0x00007ffbfed50000 - 0x00007ffbfed6e000 	c:\Users\User\.vscode\extensions\redhat.java-1.54.0-win32-x64\jre\21.0.10-win32-x86_64\bin\VCRUNTIME140.dll
0x00007ffc98000000 - 0x00007ffc98293000 	C:\WINDOWS\WinSxS\amd64_microsoft.windows.common-controls_6595b64144ccf1df_6.0.26100.8115_none_3e075c82e3354f9c\COMCTL32.dll
0x00007ffcb2380000 - 0x00007ffcb2429000 	C:\WINDOWS\System32\msvcrt.dll
0x00007ffcb2900000 - 0x00007ffcb2932000 	C:\WINDOWS\System32\IMM32.DLL
0x00007ffc56df0000 - 0x00007ffc56dfc000 	c:\Users\User\.vscode\extensions\redhat.java-1.54.0-win32-x64\jre\21.0.10-win32-x86_64\bin\vcruntime140_1.dll
0x00007ffbfecc0000 - 0x00007ffbfed4d000 	c:\Users\User\.vscode\extensions\redhat.java-1.54.0-win32-x64\jre\21.0.10-win32-x86_64\bin\msvcp140.dll
0x00007ffbfdd10000 - 0x00007ffbfeab1000 	c:\Users\User\.vscode\extensions\redhat.java-1.54.0-win32-x64\jre\21.0.10-win32-x86_64\bin\server\jvm.dll
0x00007ffcb4230000 - 0x00007ffcb42e6000 	C:\WINDOWS\System32\ADVAPI32.dll
0x00007ffcb2670000 - 0x00007ffcb2717000 	C:\WINDOWS\System32\sechost.dll
0x00007ffcb3980000 - 0x00007ffcb3a98000 	C:\WINDOWS\System32\RPCRT4.dll
0x00007ffcb2e50000 - 0x00007ffcb2ed0000 	C:\WINDOWS\System32\WS2_32.dll
0x00007ffcaf9f0000 - 0x00007ffcafa4e000 	C:\WINDOWS\SYSTEM32\POWRPROF.dll
0x00007ffcae240000 - 0x00007ffcae276000 	C:\WINDOWS\SYSTEM32\WINMM.dll
0x00007ffca9ed0000 - 0x00007ffca9edb000 	C:\WINDOWS\SYSTEM32\VERSION.dll
0x00007ffcaf9d0000 - 0x00007ffcaf9e4000 	C:\WINDOWS\SYSTEM32\UMPDC.dll
0x00007ffcafca0000 - 0x00007ffcafcbb000 	C:\WINDOWS\SYSTEM32\kernel.appcore.dll
0x00007ffc3f0f0000 - 0x00007ffc3f0fa000 	c:\Users\User\.vscode\extensions\redhat.java-1.54.0-win32-x64\jre\21.0.10-win32-x86_64\bin\jimage.dll
0x00007ffcaec60000 - 0x00007ffcaeea2000 	C:\WINDOWS\SYSTEM32\DBGHELP.DLL
0x00007ffcb3e50000 - 0x00007ffcb41d2000 	C:\WINDOWS\System32\combase.dll
0x00007ffcb3b70000 - 0x00007ffcb3c48000 	C:\WINDOWS\System32\OLEAUT32.dll
0x00007ffc948d0000 - 0x00007ffc9490b000 	C:\WINDOWS\SYSTEM32\dbgcore.DLL
0x00007ffcb17f0000 - 0x00007ffcb1895000 	C:\WINDOWS\System32\bcryptPrimitives.dll
0x00007ffc1a8f0000 - 0x00007ffc1a8ff000 	c:\Users\User\.vscode\extensions\redhat.java-1.54.0-win32-x64\jre\21.0.10-win32-x86_64\bin\instrument.dll
0x00007ffbfec40000 - 0x00007ffbfec60000 	c:\Users\User\.vscode\extensions\redhat.java-1.54.0-win32-x64\jre\21.0.10-win32-x86_64\bin\java.dll
0x00007ffcb2ee0000 - 0x00007ffcb3647000 	C:\WINDOWS\System32\SHELL32.dll
0x00007ffcb2180000 - 0x00007ffcb22ea000 	C:\WINDOWS\System32\wintypes.dll
0x00007ffcb0f80000 - 0x00007ffcb17e8000 	C:\WINDOWS\System32\windows.storage.dll
0x00007ffcb4320000 - 0x00007ffcb4418000 	C:\WINDOWS\System32\SHCORE.dll
0x00007ffcb3b00000 - 0x00007ffcb3b66000 	C:\WINDOWS\System32\shlwapi.dll
0x00007ffcb0d50000 - 0x00007ffcb0d79000 	C:\WINDOWS\SYSTEM32\profapi.dll
0x00007ffbfeca0000 - 0x00007ffbfecb8000 	c:\Users\User\.vscode\extensions\redhat.java-1.54.0-win32-x64\jre\21.0.10-win32-x86_64\bin\zip.dll
0x00007ffc10590000 - 0x00007ffc105a0000 	C:\Users\User\.vscode\extensions\redhat.java-1.54.0-win32-x64\jre\21.0.10-win32-x86_64\bin\net.dll
0x00007ffcab3b0000 - 0x00007ffcab4dd000 	C:\WINDOWS\SYSTEM32\WINHTTP.dll
0x00007ffcb01f0000 - 0x00007ffcb025c000 	C:\WINDOWS\system32\mswsock.dll
0x00007ffbfec80000 - 0x00007ffbfec96000 	C:\Users\User\.vscode\extensions\redhat.java-1.54.0-win32-x64\jre\21.0.10-win32-x86_64\bin\nio.dll
0x00007ffc0d400000 - 0x00007ffc0d410000 	c:\Users\User\.vscode\extensions\redhat.java-1.54.0-win32-x64\jre\21.0.10-win32-x86_64\bin\verify.dll
0x00007ffc349f0000 - 0x00007ffc34a35000 	C:\Users\User\AppData\Roaming\Code\User\globalStorage\redhat.java\1.54.0\config_win\org.eclipse.equinox.launcher\org.eclipse.equinox.launcher.win32.win32.x86_64_1.3.0.v20260203-2149\eclipse_11919.dll
0x00007ffcb24d0000 - 0x00007ffcb2667000 	C:\WINDOWS\System32\ole32.dll
0x00007ffcb05f0000 - 0x00007ffcb060b000 	C:\WINDOWS\SYSTEM32\CRYPTSP.dll
0x00007ffcafc00000 - 0x00007ffcafc39000 	C:\WINDOWS\system32\rsaenh.dll
0x00007ffcb02a0000 - 0x00007ffcb02d3000 	C:\WINDOWS\SYSTEM32\USERENV.dll
0x00007ffcb0d20000 - 0x00007ffcb0d4a000 	C:\WINDOWS\SYSTEM32\bcrypt.dll
0x00007ffcb0450000 - 0x00007ffcb045c000 	C:\WINDOWS\SYSTEM32\CRYPTBASE.dll
0x00007ffcaf740000 - 0x00007ffcaf772000 	C:\WINDOWS\SYSTEM32\IPHLPAPI.DLL
0x00007ffcb2370000 - 0x00007ffcb237a000 	C:\WINDOWS\System32\NSI.dll
0x00007ffc93810000 - 0x00007ffc93859000 	C:\Users\User\AppData\Local\Temp\jna-2645995\jna8351473436262676107.dll
0x00007ffcb4220000 - 0x00007ffcb4228000 	C:\WINDOWS\System32\PSAPI.DLL
0x00007ffcab5f0000 - 0x00007ffcab60d000 	C:\WINDOWS\SYSTEM32\dhcpcsvc6.DLL
0x00007ffcab5c0000 - 0x00007ffcab5e5000 	C:\WINDOWS\SYSTEM32\dhcpcsvc.DLL

JVMTI agents:
c:\Users\User\.vscode\extensions\redhat.java-1.54.0-win32-x64\lombok\lombok-1.18.39-4050.jar path:c:\Users\User\.vscode\extensions\redhat.java-1.54.0-win32-x64\jre\21.0.10-win32-x86_64\bin\instrument.dll, loaded, initialized, instrumentlib options:none

dbghelp: loaded successfully - version: 4.0.5 - missing functions: none
symbol engine: initialized successfully - sym options: 0x614 - pdb path: .;c:\Users\User\.vscode\extensions\redhat.java-1.54.0-win32-x64\jre\21.0.10-win32-x86_64\bin;C:\WINDOWS\SYSTEM32;C:\WINDOWS\WinSxS\amd64_microsoft.windows.common-controls_6595b64144ccf1df_6.0.26100.8115_none_3e075c82e3354f9c;c:\Users\User\.vscode\extensions\redhat.java-1.54.0-win32-x64\jre\21.0.10-win32-x86_64\bin\server;C:\Users\User\AppData\Roaming\Code\User\globalStorage\redhat.java\1.54.0\config_win\org.eclipse.equinox.launcher\org.eclipse.equinox.launcher.win32.win32.x86_64_1.3.0.v20260203-2149;C:\Users\User\AppData\Local\Temp\jna-2645995

VM Arguments:
jvm_args: --add-modules=ALL-SYSTEM --add-opens=java.base/java.util=ALL-UNNAMED --add-opens=java.base/java.lang=ALL-UNNAMED --add-opens=java.base/sun.nio.fs=ALL-UNNAMED -Declipse.application=org.eclipse.jdt.ls.core.id1 -Dosgi.bundles.defaultStartLevel=4 -Declipse.product=org.eclipse.jdt.ls.core.product -Djava.import.generatesMetadataFilesAtProjectRoot=false -DDetectVMInstallationsJob.disabled=true -Dfile.encoding=utf8 -XX:+UseParallelGC -XX:GCTimeRatio=4 -XX:AdaptiveSizePolicyWeight=90 -Dsun.zip.disableMemoryMapping=true -Xmx2G -Xms100m -Xlog:disable -javaagent:c:\Users\User\.vscode\extensions\redhat.java-1.54.0-win32-x64\lombok\lombok-1.18.39-4050.jar -XX:+HeapDumpOnOutOfMemoryError -XX:HeapDumpPath=c:\Users\User\AppData\Roaming\Code\User\workspaceStorage\8439e0263cc7519ca35418cef012e812\redhat.java -Daether.dependencyCollector.impl=bf 
java_command: c:\Users\User\.vscode\extensions\redhat.java-1.54.0-win32-x64\server\plugins\org.eclipse.equinox.launcher_1.7.100.v20251111-0406.jar -configuration c:\Users\User\AppData\Roaming\Code\User\globalStorage\redhat.java\1.54.0\config_win -data c:\Users\User\AppData\Roaming\Code\User\workspaceStorage\8439e0263cc7519ca35418cef012e812\redhat.java\jdt_ws --pipe=\\.\pipe\lsp-6aef027e29749c56eba7c56fabb07d19-sock
java_class_path (initial): c:\Users\User\.vscode\extensions\redhat.java-1.54.0-win32-x64\server\plugins\org.eclipse.equinox.launcher_1.7.100.v20251111-0406.jar
Launcher Type: SUN_STANDARD

[Global flags]
    uintx AdaptiveSizePolicyWeight                 = 90                                        {product} {command line}
     intx CICompilerCount                          = 12                                        {product} {ergonomic}
    uintx GCTimeRatio                              = 4                                         {product} {command line}
     bool HeapDumpOnOutOfMemoryError               = true                                   {manageable} {command line}
    ccstr HeapDumpPath                             = c:\Users\User\AppData\Roaming\Code\User\workspaceStorage\8439e0263cc7519ca35418cef012e812\redhat.java         {manageable} {command line}
   size_t InitialHeapSize                          = 104857600                                 {product} {command line}
   size_t MaxHeapSize                              = 2147483648                                {product} {command line}
   size_t MaxNewSize                               = 715653120                                 {product} {ergonomic}
   size_t MinHeapDeltaBytes                        = 524288                                    {product} {ergonomic}
   size_t MinHeapSize                              = 104857600                                 {product} {command line}
   size_t NewSize                                  = 34603008                                  {product} {ergonomic}
    uintx NonNMethodCodeHeapSize                   = 7602480                                {pd product} {ergonomic}
    uintx NonProfiledCodeHeapSize                  = 122027880                              {pd product} {ergonomic}
   size_t OldSize                                  = 70254592                                  {product} {ergonomic}
    uintx ProfiledCodeHeapSize                     = 122027880                              {pd product} {ergonomic}
    uintx ReservedCodeCacheSize                    = 251658240                              {pd product} {ergonomic}
     bool SegmentedCodeCache                       = true                                      {product} {ergonomic}
   size_t SoftMaxHeapSize                          = 2147483648                             {manageable} {ergonomic}
     bool UseCompressedOops                        = true                           {product lp64_product} {ergonomic}
     bool UseLargePagesIndividualAllocation        = false                                  {pd product} {ergonomic}
     bool UseParallelGC                            = true                                      {product} {command line}

Logging:
Log output configuration:
 #0: stdout all=off uptime,level,tags foldmultilines=false
 #1: stderr all=off uptime,level,tags foldmultilines=false

Release file:
JAVA_VERSION="21.0.10" 
MODULES="java.base java.compiler java.datatransfer java.xml java.prefs java.desktop java.instrument java.logging java.management java.security.sasl java.naming java.rmi java.management.rmi java.net.http java.scripting java.security.jgss java.transaction.xa java.sql java.sql.rowset java.xml.crypto java.se java.smartcardio jdk.accessibility jdk.internal.jvmstat jdk.attach jdk.charsets jdk.internal.opt jdk.zipfs jdk.compiler jdk.crypto.ec jdk.crypto.cryptoki jdk.crypto.mscapi jdk.dynalink jdk.internal.ed jdk.editpad jdk.hotspot.agent jdk.httpserver jdk.internal.le jdk.internal.vm.ci jdk.internal.vm.compiler jdk.internal.vm.compiler.management jdk.jartool jdk.javadoc jdk.jcmd jdk.management jdk.management.agent jdk.jconsole jdk.jdeps jdk.jdwp.agent jdk.jdi jdk.jfr jdk.jshell jdk.jsobject jdk.jstatd jdk.localedata jdk.management.jfr jdk.naming.dns jdk.naming.rmi jdk.net jdk.nio.mapmode jdk.random jdk.sctp jdk.security.auth jdk.security.jgss jdk.unsupported jdk.unsupported.desktop jdk.xml.dom" 

Environment Variables:
JAVA_HOME=C:\Program Files\Java\jdk-25.0.2
PATH=C:\Users\User\AppData\Local\Programs\Microsoft VS Code;C:\Program Files\Common Files\Oracle\Java\javapath;C:\WINDOWS\system32;C:\WINDOWS;C:\WINDOWS\System32\Wbem;C:\WINDOWS\System32\WindowsPowerShell\v1.0\;C:\WINDOWS\System32\OpenSSH\;C:\Program Files\dotnet\;C:\Program Files (x86)\NVIDIA Corporation\PhysX\Common;C:\Program Files\Git\cmd;C:\Supabase;C:\Program Files (x86)\Windows Kits\10\Windows Performance Toolkit\;C:\WINDOWS\system32;C:\WINDOWS;C:\WINDOWS\System32\Wbem;C:\WINDOWS\System32\WindowsPowerShell\v1.0\;C:\WINDOWS\System32\OpenSSH\;C:\Program Files\k6\;C:\Program Files\Docker\Docker\resources\bin;C:\Program Files\nodejs\;C:\Users\User\AppData\Local\Programs\Python\Python313\Scripts\;C:\Users\User\AppData\Local\Programs\Python\Python313\;C:\Users\User\AppData\Local\Programs\Python\Launcher\;C:\Users\User\.local\bin;C:\Users\User\scoop\shims;C:\Program Files\MySQL\MySQL Shell 8.0\bin\;C:\Users\User\AppData\Local\Microsoft\WindowsApps;C:\Program Files\Java\jdk-25.0.2;C:\Program Files\Maven\apache-maven-3.9.11\bin;C:\Users\User\.dotnet\tools;C:\Users\User\AppData\Local\Programs\Microsoft VS Code\bin;C:\Users\User\.deno\bin;C:\Users\User\.dotnet\tools;C:\develop\flutter\bin;C:\Users\User\AppData\Local\Microsoft\WindowsApps;C:\Users\User\.local\bin;C:\Users\User\AppData\Roaming\npm
USERNAME=User
OS=Windows_NT
PROCESSOR_IDENTIFIER=Intel64 Family 6 Model 183 Stepping 1, GenuineIntel
TMP=C:\Users\User\AppData\Local\Temp
TEMP=C:\Users\User\AppData\Local\Temp




Periodic native trim disabled

---------------  S Y S T E M  ---------------

OS:
 Windows 11 , 64 bit Build 26100 (10.0.26100.8246)
OS uptime: 0 days 2:39 hours
Hyper-V role detected

CPU: total 16 (initial active 16) (8 cores per cpu, 2 threads per core) family 6 model 183 stepping 1 microcode 0x133, cx8, cmov, fxsr, ht, mmx, 3dnowpref, sse, sse2, sse3, ssse3, sse4.1, sse4.2, popcnt, lzcnt, tsc, tscinvbit, avx, avx2, aes, erms, clmul, bmi1, bmi2, adx, sha, fma, vzeroupper, clflush, clflushopt, clwb, hv, serialize, rdtscp, rdpid, fsrm, f16c, cet_ibt, cet_ss
Processor Information for processor 0
  Max Mhz: 2400, Current Mhz: 2400, Mhz Limit: 2400
Processor Information for processor 1
  Max Mhz: 2400, Current Mhz: 2400, Mhz Limit: 2400
Processor Information for processor 2
  Max Mhz: 2400, Current Mhz: 2400, Mhz Limit: 2400
Processor Information for processor 3
  Max Mhz: 2400, Current Mhz: 2400, Mhz Limit: 2400
Processor Information for processor 4
  Max Mhz: 2400, Current Mhz: 2400, Mhz Limit: 2400
Processor Information for processor 5
  Max Mhz: 2400, Current Mhz: 2400, Mhz Limit: 2400
Processor Information for processor 6
  Max Mhz: 2400, Current Mhz: 2400, Mhz Limit: 2400
Processor Information for processor 7
  Max Mhz: 2400, Current Mhz: 2400, Mhz Limit: 2400
Processor Information for processor 8
  Max Mhz: 2400, Current Mhz: 2400, Mhz Limit: 2400
Processor Information for processor 9
  Max Mhz: 2400, Current Mhz: 2400, Mhz Limit: 2400
Processor Information for processor 10
  Max Mhz: 2400, Current Mhz: 2400, Mhz Limit: 2400
Processor Information for processor 11
  Max Mhz: 2400, Current Mhz: 2400, Mhz Limit: 2400
Processor Information for processor 12
  Max Mhz: 2400, Current Mhz: 1466, Mhz Limit: 2400
Processor Information for processor 13
  Max Mhz: 2400, Current Mhz: 1466, Mhz Limit: 2400
Processor Information for processor 14
  Max Mhz: 2400, Current Mhz: 2400, Mhz Limit: 2400
Processor Information for processor 15
  Max Mhz: 2400, Current Mhz: 2400, Mhz Limit: 2400

Memory: 4k page, system-wide physical 7876M (4M free)
TotalPageFile size 32452M (AvailPageFile size 23M)
current process WorkingSet (physical memory assigned to process): 84M, peak: 221M
current process commit charge ("private bytes"): 372M, peak: 372M

vm_info: OpenJDK 64-Bit Server VM (21.0.10+7-LTS) for windows-amd64 JRE (21.0.10+7-LTS), built on 2026-01-20T00:00:00Z by "admin" with MS VC++ 17.12 (VS2022)

END.
